Using pre-set license
Built from '2020.3/staging' branch; Version is '2020.3.0f1 (c7b5465681fb) revision 13088070'; Using compiler version '192528614'; Build Type 'Release'
OS: 'Windows 10 Home; OS build 19041.1348; Version 2004; 64bit' Language: 'fr' Physical Memory: 16309 MB
BatchMode: 1, IsHumanControllingUs: 0, StartBugReporterOnCrash: 0, Is64bit: 1, IsPro: 0

 COMMAND LINE ARGUMENTS:
D:\Program Files\Unity\2020.3.0f1\Editor\Unity.exe
-adb2
-batchMode
-noUpm
-name
AssetImportWorker0
-projectPath
D:/Alexandre/Pictures/Unity/FunRace3D/FunRace3D
-logFile
Logs/AssetImportWorker0.log
-srvPort
59621
Successfully changed project path to: D:/Alexandre/Pictures/Unity/FunRace3D/FunRace3D
D:/Alexandre/Pictures/Unity/FunRace3D/FunRace3D
Using Asset Import Pipeline V2.
Refreshing native plugins compatible for Editor in 28.47 ms, found 0 plugins.
Preloading 0 native plugins for Editor in 0.00 ms.
Initialize engine version: 2020.3.0f1 (c7b5465681fb)
[Subsystems] Discovering subsystems at path D:/Program Files/Unity/2020.3.0f1/Editor/Data/Resources/UnitySubsystems
[Subsystems] Discovering subsystems at path D:/Alexandre/Pictures/Unity/FunRace3D/FunRace3D/Assets
GfxDevice: creating device client; threaded=0
Direct3D:
    Version:  Direct3D 11.0 [level 11.1]
    Renderer: NVIDIA GeForce GTX 970 (ID=0x13c2)
    Vendor:   
    VRAM:     4043 MB
    Driver:   27.21.14.6109
Initialize mono
Mono path[0] = 'D:/Program Files/Unity/2020.3.0f1/Editor/Data/Managed'
Mono path[1] = 'D:/Program Files/Unity/2020.3.0f1/Editor/Data/MonoBleedingEdge/lib/mono/unityjit'
Mono config path = 'D:/Program Files/Unity/2020.3.0f1/Editor/Data/MonoBleedingEdge/etc'
Using monoOptions --debugger-agent=transport=dt_socket,embedding=1,server=y,suspend=n,address=127.0.0.1:56312
Begin MonoManager ReloadAssembly
Registering precompiled unity dll's ...
Register platform support module: D:/Program Files/Unity/2020.3.0f1/Editor/Data/PlaybackEngines/WebGLSupport/UnityEditor.WebGL.Extensions.dll
Register platform support module: D:/Program Files/Unity/2020.3.0f1/Editor/Data/PlaybackEngines/WindowsStandaloneSupport/UnityEditor.WindowsStandalone.Extensions.dll
Registered in 0.002304 seconds.
Native extension for WindowsStandalone target not found
Native extension for WebGL target not found
Refreshing native plugins compatible for Editor in 27.58 ms, found 0 plugins.
Preloading 0 native plugins for Editor in 0.00 ms.
Invoked RoslynAnalysisRunner static constructor.
RoslynAnalysisRunner will not be running.
RoslynAnalysisRunner has terminated.
Mono: successfully reloaded assembly
- Completed reload, in  3.052 seconds
Platform modules already initialized, skipping
Registering precompiled user dll's ...
Registered in 0.000847 seconds.
Begin MonoManager ReloadAssembly
Native extension for WindowsStandalone target not found
Native extension for WebGL target not found
Refreshing native plugins compatible for Editor in 0.37 ms, found 0 plugins.
Preloading 0 native plugins for Editor in 0.00 ms.
Invoked RoslynAnalysisRunner static constructor.
RoslynAnalysisRunner will not be running.
RoslynAnalysisRunner has terminated.
Mono: successfully reloaded assembly
- Completed reload, in  0.886 seconds
Platform modules already initialized, skipping
========================================================================
Worker process is ready to serve import requests
Launched and connected shader compiler UnityShaderCompiler.exe after 0.08 seconds
Refreshing native plugins compatible for Editor in 0.21 ms, found 0 plugins.
Preloading 0 native plugins for Editor in 0.00 ms.
Unloading 1145 Unused Serialized files (Serialized files now loaded: 0)
System memory in use before: 59.5 MB.
System memory in use after: 59.6 MB.

Unloading 10 unused Assets to reduce memory usage. Loaded Objects now: 1588.
Total: 2.261400 ms (FindLiveObjects: 0.267800 ms CreateObjectMapping: 0.111200 ms MarkObjects: 1.746500 ms  DeleteObjects: 0.134800 ms)

========================================================================
Received Import Request.
  path: Assets/Prefabs/LevelComponent/Mountain.prefab
  artifactKey: Guid(9adcf941c367d9b4985f2661dd4c3ac8) Importer(815301076,1909f56bfc062723c751e8b465ee728b)
Start importing Assets/Prefabs/LevelComponent/Mountain.prefab using Guid(9adcf941c367d9b4985f2661dd4c3ac8) Importer(815301076,1909f56bfc062723c751e8b465ee728b)  -> (artifact id: 'a050e7aabdcfaf40d6c624b196de4ff6') in 0.170102 seconds
  Import took 0.172445 seconds .

========================================================================
Received Import Request.
  Time since last request: 0.000482 seconds.
  path: Assets/Prefabs/LevelComponent/Road.prefab
  artifactKey: Guid(19eae962033dd584da29ae53cb4ac257) Importer(815301076,1909f56bfc062723c751e8b465ee728b)
Start importing Assets/Prefabs/LevelComponent/Road.prefab using Guid(19eae962033dd584da29ae53cb4ac257) Importer(815301076,1909f56bfc062723c751e8b465ee728b)  -> (artifact id: 'a4b28906ce0b2deba87426eb07b12272') in 0.019036 seconds
  Import took 0.021316 seconds .

========================================================================
Received Import Request.
  Time since last request: 0.000396 seconds.
  path: Assets/Prefabs/LevelComponent/End.prefab
  artifactKey: Guid(3a9de676b5dc40446b5060053fe73b36) Importer(815301076,1909f56bfc062723c751e8b465ee728b)
Start importing Assets/Prefabs/LevelComponent/End.prefab using Guid(3a9de676b5dc40446b5060053fe73b36) Importer(815301076,1909f56bfc062723c751e8b465ee728b)  -> (artifact id: 'f81a98a29599c50ba9dc11b5cc091cd9') in 0.010782 seconds
  Import took 0.013423 seconds .

========================================================================
Received Import Request.
  Time since last request: 0.000396 seconds.
  path: Assets/Prefabs/LevelComponent/Guard Road.prefab
  artifactKey: Guid(169975cbedf4630428f7ccc49b10314e) Importer(815301076,1909f56bfc062723c751e8b465ee728b)
Start importing Assets/Prefabs/LevelComponent/Guard Road.prefab using Guid(169975cbedf4630428f7ccc49b10314e) Importer(815301076,1909f56bfc062723c751e8b465ee728b)  -> (artifact id: '57311cbca95fb947cf42fa50caae4a44') in 0.061839 seconds
  Import took 0.064704 seconds .

========================================================================
Received Import Request.
  Time since last request: 0.000406 seconds.
  path: Assets/Prefabs/LevelComponent/Start.prefab
  artifactKey: Guid(2f660361c45415644b3c5e77532182a2) Importer(815301076,1909f56bfc062723c751e8b465ee728b)
Start importing Assets/Prefabs/LevelComponent/Start.prefab using Guid(2f660361c45415644b3c5e77532182a2) Importer(815301076,1909f56bfc062723c751e8b465ee728b)  -> (artifact id: '0fb5771082d74ccbfd32536928a2671f') in 0.012138 seconds
  Import took 0.015187 seconds .

========================================================================
Received Import Request.
  Time since last request: 0.000296 seconds.
  path: Assets/Prefabs/LevelComponent/Warehouse.prefab
  artifactKey: Guid(03067fed499f1b843881cbd6588935cd) Importer(815301076,1909f56bfc062723c751e8b465ee728b)
Start importing Assets/Prefabs/LevelComponent/Warehouse.prefab using Guid(03067fed499f1b843881cbd6588935cd) Importer(815301076,1909f56bfc062723c751e8b465ee728b)  -> (artifact id: '254a5ce05f6c57184c02abceb2c08f08') in 0.065299 seconds
  Import took 0.068740 seconds .

========================================================================
Received Prepare
Refreshing native plugins compatible for Editor in 0.82 ms, found 0 plugins.
Preloading 0 native plugins for Editor in 0.00 ms.
Unloading 3 Unused Serialized files (Serialized files now loaded: 0)
System memory in use before: 55.0 MB.
System memory in use after: 55.1 MB.

Unloading 4 unused Assets to reduce memory usage. Loaded Objects now: 1597.
Total: 1.994600 ms (FindLiveObjects: 0.152300 ms CreateObjectMapping: 0.040400 ms MarkObjects: 1.747900 ms  DeleteObjects: 0.053000 ms)

========================================================================
Received Import Request.
  Time since last request: 4.607603 seconds.
  path: Assets/Prefabs/LevelComponent/Road.prefab
  artifactKey: Guid(19eae962033dd584da29ae53cb4ac257) Importer(815301076,1909f56bfc062723c751e8b465ee728b)
Start importing Assets/Prefabs/LevelComponent/Road.prefab using Guid(19eae962033dd584da29ae53cb4ac257) Importer(815301076,1909f56bfc062723c751e8b465ee728b)  -> (artifact id: 'b31db7fa5ff873039ff9fbea48b49820') in 0.026898 seconds
  Import took 0.029677 seconds .

AssetImportWorkerClient::OnTransportError - code=2 error=End of file
