Using pre-set license
Built from '2020.3/staging' branch; Version is '2020.3.0f1 (c7b5465681fb) revision 13088070'; Using compiler version '192528614'; Build Type 'Release'
OS: 'Windows 10 Home; OS build 19041.1348; Version 2004; 64bit' Language: 'fr' Physical Memory: 16309 MB
BatchMode: 1, IsHumanControllingUs: 0, StartBugReporterOnCrash: 0, Is64bit: 1, IsPro: 0

 COMMAND LINE ARGUMENTS:
D:\Program Files\Unity\2020.3.0f1\Editor\Unity.exe
-adb2
-batchMode
-noUpm
-name
AssetImportWorker1
-projectPath
D:/Alexandre/Pictures/Unity/FunRace3D/FunRace3D
-logFile
Logs/AssetImportWorker1.log
-srvPort
64132
Successfully changed project path to: D:/Alexandre/Pictures/Unity/FunRace3D/FunRace3D
D:/Alexandre/Pictures/Unity/FunRace3D/FunRace3D
Using Asset Import Pipeline V2.
Refreshing native plugins compatible for Editor in 26.95 ms, found 0 plugins.
Preloading 0 native plugins for Editor in 0.00 ms.
Initialize engine version: 2020.3.0f1 (c7b5465681fb)
[Subsystems] Discovering subsystems at path D:/Program Files/Unity/2020.3.0f1/Editor/Data/Resources/UnitySubsystems
[Subsystems] Discovering subsystems at path D:/Alexandre/Pictures/Unity/FunRace3D/FunRace3D/Assets
GfxDevice: creating device client; threaded=0
Direct3D:
    Version:  Direct3D 11.0 [level 11.1]
    Renderer: NVIDIA GeForce GTX 970 (ID=0x13c2)
    Vendor:   
    VRAM:     4043 MB
    Driver:   27.21.14.6109
Initialize mono
Mono path[0] = 'D:/Program Files/Unity/2020.3.0f1/Editor/Data/Managed'
Mono path[1] = 'D:/Program Files/Unity/2020.3.0f1/Editor/Data/MonoBleedingEdge/lib/mono/unityjit'
Mono config path = 'D:/Program Files/Unity/2020.3.0f1/Editor/Data/MonoBleedingEdge/etc'
Using monoOptions --debugger-agent=transport=dt_socket,embedding=1,server=y,suspend=n,address=127.0.0.1:56624
Begin MonoManager ReloadAssembly
Registering precompiled unity dll's ...
Register platform support module: D:/Program Files/Unity/2020.3.0f1/Editor/Data/PlaybackEngines/WebGLSupport/UnityEditor.WebGL.Extensions.dll
Register platform support module: D:/Program Files/Unity/2020.3.0f1/Editor/Data/PlaybackEngines/WindowsStandaloneSupport/UnityEditor.WindowsStandalone.Extensions.dll
Registered in 0.002026 seconds.
Native extension for WindowsStandalone target not found
Native extension for WebGL target not found
Refreshing native plugins compatible for Editor in 26.64 ms, found 0 plugins.
Preloading 0 native plugins for Editor in 0.00 ms.
Invoked RoslynAnalysisRunner static constructor.
RoslynAnalysisRunner will not be running.
RoslynAnalysisRunner has terminated.
Mono: successfully reloaded assembly
- Completed reload, in  8.013 seconds
Platform modules already initialized, skipping
Registering precompiled user dll's ...
Registered in 0.000833 seconds.
Begin MonoManager ReloadAssembly
Native extension for WindowsStandalone target not found
Native extension for WebGL target not found
Refreshing native plugins compatible for Editor in 0.20 ms, found 0 plugins.
Preloading 0 native plugins for Editor in 0.00 ms.
Invoked RoslynAnalysisRunner static constructor.
RoslynAnalysisRunner will not be running.
RoslynAnalysisRunner has terminated.
Mono: successfully reloaded assembly
- Completed reload, in  0.883 seconds
Platform modules already initialized, skipping
========================================================================
Worker process is ready to serve import requests
Launched and connected shader compiler UnityShaderCompiler.exe after 0.11 seconds
Refreshing native plugins compatible for Editor in 0.20 ms, found 0 plugins.
Preloading 0 native plugins for Editor in 0.00 ms.
Unloading 1125 Unused Serialized files (Serialized files now loaded: 0)
System memory in use before: 57.4 MB.
System memory in use after: 57.5 MB.

Unloading 10 unused Assets to reduce memory usage. Loaded Objects now: 1567.
Total: 2.381700 ms (FindLiveObjects: 0.303100 ms CreateObjectMapping: 0.151200 ms MarkObjects: 1.809900 ms  DeleteObjects: 0.114400 ms)

========================================================================
Received Import Request.
  path: Assets/Prefabs/Entity/Character.prefab
  artifactKey: Guid(b94b7ad7eaa2a7a4e888321952e38ab4) Importer(815301076,1909f56bfc062723c751e8b465ee728b)
Start importing Assets/Prefabs/Entity/Character.prefab using Guid(b94b7ad7eaa2a7a4e888321952e38ab4) Importer(815301076,1909f56bfc062723c751e8b465ee728b)  -> (artifact id: '451bdf413579c9af0a1914d7f863508c') in 0.169659 seconds
  Import took 0.172332 seconds .

========================================================================
Received Prepare
Registering precompiled user dll's ...
Registered in 0.000825 seconds.
Begin MonoManager ReloadAssembly
Native extension for WindowsStandalone target not found
Native extension for WebGL target not found
Refreshing native plugins compatible for Editor in 0.21 ms, found 0 plugins.
Preloading 0 native plugins for Editor in 0.00 ms.
Invoked RoslynAnalysisRunner static constructor.
RoslynAnalysisRunner will not be running.
RoslynAnalysisRunner has terminated.
Mono: successfully reloaded assembly
- Completed reload, in  0.833 seconds
Platform modules already initialized, skipping
Refreshing native plugins compatible for Editor in 0.21 ms, found 0 plugins.
Preloading 0 native plugins for Editor in 0.00 ms.
Unloading 1120 Unused Serialized files (Serialized files now loaded: 0)
System memory in use before: 74.5 MB.
System memory in use after: 74.5 MB.

Unloading 5 unused Assets to reduce memory usage. Loaded Objects now: 1578.
Total: 1.921100 ms (FindLiveObjects: 0.163700 ms CreateObjectMapping: 0.042900 ms MarkObjects: 1.658000 ms  DeleteObjects: 0.054900 ms)

========================================================================
Received Import Request.
  Time since last request: 19.561203 seconds.
  path: Assets/Prefabs/LevelComponent/Road.prefab
  artifactKey: Guid(19eae962033dd584da29ae53cb4ac257) Importer(815301076,1909f56bfc062723c751e8b465ee728b)
Start importing Assets/Prefabs/LevelComponent/Road.prefab using Guid(19eae962033dd584da29ae53cb4ac257) Importer(815301076,1909f56bfc062723c751e8b465ee728b)  -> (artifact id: '6945ee69573fcdb1e65a356f332c0950') in 0.089597 seconds
  Import took 0.091840 seconds .

========================================================================
Received Prepare
Registering precompiled user dll's ...
Registered in 0.001080 seconds.
Begin MonoManager ReloadAssembly
Native extension for WindowsStandalone target not found
Native extension for WebGL target not found
Refreshing native plugins compatible for Editor in 0.21 ms, found 0 plugins.
Preloading 0 native plugins for Editor in 0.00 ms.
Invoked RoslynAnalysisRunner static constructor.
RoslynAnalysisRunner will not be running.
RoslynAnalysisRunner has terminated.
Mono: successfully reloaded assembly
- Completed reload, in  0.828 seconds
Platform modules already initialized, skipping
Refreshing native plugins compatible for Editor in 0.19 ms, found 0 plugins.
Preloading 0 native plugins for Editor in 0.00 ms.
Unloading 1120 Unused Serialized files (Serialized files now loaded: 0)
System memory in use before: 74.5 MB.
System memory in use after: 74.6 MB.

Unloading 6 unused Assets to reduce memory usage. Loaded Objects now: 1583.
Total: 2.402100 ms (FindLiveObjects: 0.316500 ms CreateObjectMapping: 0.111900 ms MarkObjects: 1.895800 ms  DeleteObjects: 0.075500 ms)

========================================================================
Received Import Request.
  Time since last request: 82.606862 seconds.
  path: Assets/Scripts/KillOnCollide.cs
  artifactKey: Guid(27ec06bd28ceb694c8ca3dbc954002f4) Importer(815301076,1909f56bfc062723c751e8b465ee728b)
Start importing Assets/Scripts/KillOnCollide.cs using Guid(27ec06bd28ceb694c8ca3dbc954002f4) Importer(815301076,1909f56bfc062723c751e8b465ee728b)  -> (artifact id: '0e1182598b66a6581bf8b59d7f1ee5b2') in 0.008049 seconds
  Import took 0.010481 seconds .

========================================================================
Received Import Request.
  Time since last request: 5.779041 seconds.
  path: Assets/Prefabs/Prop/Tank.prefab
  artifactKey: Guid(150c467e44aa80640beba4a1b68e8677) Importer(815301076,1909f56bfc062723c751e8b465ee728b)
Start importing Assets/Prefabs/Prop/Tank.prefab using Guid(150c467e44aa80640beba4a1b68e8677) Importer(815301076,1909f56bfc062723c751e8b465ee728b)  -> (artifact id: '338ac5ae61169320f0916fd409462b25') in 0.066621 seconds
  Import took 0.069639 seconds .

========================================================================
Received Prepare
Registering precompiled user dll's ...
Registered in 0.001219 seconds.
Begin MonoManager ReloadAssembly
Native extension for WindowsStandalone target not found
Native extension for WebGL target not found
Refreshing native plugins compatible for Editor in 0.20 ms, found 0 plugins.
Preloading 0 native plugins for Editor in 0.00 ms.
Invoked RoslynAnalysisRunner static constructor.
RoslynAnalysisRunner will not be running.
RoslynAnalysisRunner has terminated.
Mono: successfully reloaded assembly
- Completed reload, in  0.807 seconds
Platform modules already initialized, skipping
Refreshing native plugins compatible for Editor in 0.22 ms, found 0 plugins.
Preloading 0 native plugins for Editor in 0.00 ms.
Unloading 1120 Unused Serialized files (Serialized files now loaded: 0)
System memory in use before: 74.5 MB.
System memory in use after: 74.6 MB.

Unloading 5 unused Assets to reduce memory usage. Loaded Objects now: 1587.
Total: 2.562800 ms (FindLiveObjects: 0.222600 ms CreateObjectMapping: 0.050800 ms MarkObjects: 2.194600 ms  DeleteObjects: 0.093500 ms)

========================================================================
Received Prepare
Registering precompiled user dll's ...
Registered in 0.000821 seconds.
Begin MonoManager ReloadAssembly
Native extension for WindowsStandalone target not found
Native extension for WebGL target not found
Refreshing native plugins compatible for Editor in 0.20 ms, found 0 plugins.
Preloading 0 native plugins for Editor in 0.00 ms.
Invoked RoslynAnalysisRunner static constructor.
RoslynAnalysisRunner will not be running.
RoslynAnalysisRunner has terminated.
Mono: successfully reloaded assembly
- Completed reload, in  0.875 seconds
Platform modules already initialized, skipping
Refreshing native plugins compatible for Editor in 0.22 ms, found 0 plugins.
Preloading 0 native plugins for Editor in 0.00 ms.
Unloading 1120 Unused Serialized files (Serialized files now loaded: 0)
System memory in use before: 74.5 MB.
System memory in use after: 74.6 MB.

Unloading 5 unused Assets to reduce memory usage. Loaded Objects now: 1590.
Total: 1.900400 ms (FindLiveObjects: 0.197700 ms CreateObjectMapping: 0.038800 ms MarkObjects: 1.582000 ms  DeleteObjects: 0.080100 ms)

========================================================================
Received Prepare
Registering precompiled user dll's ...
Registered in 0.001462 seconds.
Begin MonoManager ReloadAssembly
Native extension for WindowsStandalone target not found
Native extension for WebGL target not found
Refreshing native plugins compatible for Editor in 0.35 ms, found 0 plugins.
Preloading 0 native plugins for Editor in 0.00 ms.
Invoked RoslynAnalysisRunner static constructor.
RoslynAnalysisRunner will not be running.
RoslynAnalysisRunner has terminated.
Mono: successfully reloaded assembly
- Completed reload, in  0.855 seconds
Platform modules already initialized, skipping
Refreshing native plugins compatible for Editor in 0.20 ms, found 0 plugins.
Preloading 0 native plugins for Editor in 0.00 ms.
Unloading 1120 Unused Serialized files (Serialized files now loaded: 0)
System memory in use before: 74.6 MB.
System memory in use after: 74.6 MB.

Unloading 5 unused Assets to reduce memory usage. Loaded Objects now: 1593.
Total: 1.977500 ms (FindLiveObjects: 0.176100 ms CreateObjectMapping: 0.047500 ms MarkObjects: 1.657500 ms  DeleteObjects: 0.094300 ms)

========================================================================
Received Prepare
Registering precompiled user dll's ...
Registered in 0.000764 seconds.
Begin MonoManager ReloadAssembly
Native extension for WindowsStandalone target not found
Native extension for WebGL target not found
Refreshing native plugins compatible for Editor in 0.21 ms, found 0 plugins.
Preloading 0 native plugins for Editor in 0.00 ms.
Invoked RoslynAnalysisRunner static constructor.
RoslynAnalysisRunner will not be running.
RoslynAnalysisRunner has terminated.
Mono: successfully reloaded assembly
- Completed reload, in  0.843 seconds
Platform modules already initialized, skipping
Refreshing native plugins compatible for Editor in 0.23 ms, found 0 plugins.
Preloading 0 native plugins for Editor in 0.00 ms.
Unloading 1120 Unused Serialized files (Serialized files now loaded: 0)
System memory in use before: 74.6 MB.
System memory in use after: 74.6 MB.

Unloading 5 unused Assets to reduce memory usage. Loaded Objects now: 1596.
Total: 1.727200 ms (FindLiveObjects: 0.129200 ms CreateObjectMapping: 0.037500 ms MarkObjects: 1.465300 ms  DeleteObjects: 0.094400 ms)

========================================================================
Received Prepare
Registering precompiled user dll's ...
Registered in 0.000859 seconds.
Begin MonoManager ReloadAssembly
Native extension for WindowsStandalone target not found
Native extension for WebGL target not found
Refreshing native plugins compatible for Editor in 0.22 ms, found 0 plugins.
Preloading 0 native plugins for Editor in 0.00 ms.
Invoked RoslynAnalysisRunner static constructor.
RoslynAnalysisRunner will not be running.
RoslynAnalysisRunner has terminated.
Mono: successfully reloaded assembly
- Completed reload, in  0.890 seconds
Platform modules already initialized, skipping
Refreshing native plugins compatible for Editor in 0.20 ms, found 0 plugins.
Preloading 0 native plugins for Editor in 0.00 ms.
Unloading 1120 Unused Serialized files (Serialized files now loaded: 0)
System memory in use before: 74.6 MB.
System memory in use after: 74.6 MB.

Unloading 5 unused Assets to reduce memory usage. Loaded Objects now: 1599.
Total: 3.223900 ms (FindLiveObjects: 0.357200 ms CreateObjectMapping: 0.081600 ms MarkObjects: 2.685700 ms  DeleteObjects: 0.096400 ms)

========================================================================
Received Prepare
Registering precompiled user dll's ...
Registered in 0.000751 seconds.
Begin MonoManager ReloadAssembly
Native extension for WindowsStandalone target not found
Native extension for WebGL target not found
Refreshing native plugins compatible for Editor in 0.42 ms, found 0 plugins.
Preloading 0 native plugins for Editor in 0.00 ms.
Invoked RoslynAnalysisRunner static constructor.
RoslynAnalysisRunner will not be running.
RoslynAnalysisRunner has terminated.
Mono: successfully reloaded assembly
- Completed reload, in  0.869 seconds
Platform modules already initialized, skipping
Refreshing native plugins compatible for Editor in 0.21 ms, found 0 plugins.
Preloading 0 native plugins for Editor in 0.00 ms.
Unloading 1120 Unused Serialized files (Serialized files now loaded: 0)
System memory in use before: 74.6 MB.
System memory in use after: 74.6 MB.

Unloading 5 unused Assets to reduce memory usage. Loaded Objects now: 1602.
Total: 2.443900 ms (FindLiveObjects: 0.326800 ms CreateObjectMapping: 0.041100 ms MarkObjects: 2.009500 ms  DeleteObjects: 0.065100 ms)

========================================================================
Received Prepare
Registering precompiled user dll's ...
Registered in 0.001647 seconds.
Begin MonoManager ReloadAssembly
Native extension for WindowsStandalone target not found
Native extension for WebGL target not found
Refreshing native plugins compatible for Editor in 0.27 ms, found 0 plugins.
Preloading 0 native plugins for Editor in 0.00 ms.
Invoked RoslynAnalysisRunner static constructor.
RoslynAnalysisRunner will not be running.
RoslynAnalysisRunner has terminated.
Mono: successfully reloaded assembly
- Completed reload, in  0.824 seconds
Platform modules already initialized, skipping
Refreshing native plugins compatible for Editor in 0.20 ms, found 0 plugins.
Preloading 0 native plugins for Editor in 0.00 ms.
Unloading 1120 Unused Serialized files (Serialized files now loaded: 0)
System memory in use before: 74.6 MB.
System memory in use after: 74.7 MB.

Unloading 5 unused Assets to reduce memory usage. Loaded Objects now: 1605.
Total: 1.775300 ms (FindLiveObjects: 0.161100 ms CreateObjectMapping: 0.047700 ms MarkObjects: 1.510500 ms  DeleteObjects: 0.053500 ms)

========================================================================
Received Prepare
Registering precompiled user dll's ...
Registered in 0.000936 seconds.
Begin MonoManager ReloadAssembly
Native extension for WindowsStandalone target not found
Native extension for WebGL target not found
Refreshing native plugins compatible for Editor in 0.20 ms, found 0 plugins.
Preloading 0 native plugins for Editor in 0.00 ms.
Invoked RoslynAnalysisRunner static constructor.
RoslynAnalysisRunner will not be running.
RoslynAnalysisRunner has terminated.
Mono: successfully reloaded assembly
- Completed reload, in  0.813 seconds
Platform modules already initialized, skipping
Refreshing native plugins compatible for Editor in 0.20 ms, found 0 plugins.
Preloading 0 native plugins for Editor in 0.00 ms.
Unloading 1120 Unused Serialized files (Serialized files now loaded: 0)
System memory in use before: 74.6 MB.
System memory in use after: 74.7 MB.

Unloading 5 unused Assets to reduce memory usage. Loaded Objects now: 1608.
Total: 3.104800 ms (FindLiveObjects: 0.278400 ms CreateObjectMapping: 0.082100 ms MarkObjects: 2.641800 ms  DeleteObjects: 0.099000 ms)

========================================================================
Received Prepare
Registering precompiled user dll's ...
Registered in 0.001486 seconds.
Begin MonoManager ReloadAssembly
Native extension for WindowsStandalone target not found
Native extension for WebGL target not found
Refreshing native plugins compatible for Editor in 0.29 ms, found 0 plugins.
Preloading 0 native plugins for Editor in 0.00 ms.
Invoked RoslynAnalysisRunner static constructor.
RoslynAnalysisRunner will not be running.
RoslynAnalysisRunner has terminated.
Mono: successfully reloaded assembly
- Completed reload, in  0.959 seconds
Platform modules already initialized, skipping
Refreshing native plugins compatible for Editor in 0.21 ms, found 0 plugins.
Preloading 0 native plugins for Editor in 0.00 ms.
Unloading 1120 Unused Serialized files (Serialized files now loaded: 0)
System memory in use before: 74.6 MB.
System memory in use after: 74.7 MB.

Unloading 5 unused Assets to reduce memory usage. Loaded Objects now: 1611.
Total: 1.850800 ms (FindLiveObjects: 0.218500 ms CreateObjectMapping: 0.061200 ms MarkObjects: 1.495100 ms  DeleteObjects: 0.075000 ms)

========================================================================
Received Import Request.
  Time since last request: 837.884469 seconds.
  path: Assets/Prefabs/Entity/Character.prefab
  artifactKey: Guid(b94b7ad7eaa2a7a4e888321952e38ab4) Importer(815301076,1909f56bfc062723c751e8b465ee728b)
Start importing Assets/Prefabs/Entity/Character.prefab using Guid(b94b7ad7eaa2a7a4e888321952e38ab4) Importer(815301076,1909f56bfc062723c751e8b465ee728b)  -> (artifact id: 'aab05f9c51475f53e9213c081dee3e4a') in 0.090400 seconds
  Import took 0.093634 seconds .

========================================================================
Received Prepare
Registering precompiled user dll's ...
Registered in 0.000795 seconds.
Begin MonoManager ReloadAssembly
Native extension for WindowsStandalone target not found
Native extension for WebGL target not found
Refreshing native plugins compatible for Editor in 0.20 ms, found 0 plugins.
Preloading 0 native plugins for Editor in 0.00 ms.
Invoked RoslynAnalysisRunner static constructor.
RoslynAnalysisRunner will not be running.
RoslynAnalysisRunner has terminated.
Mono: successfully reloaded assembly
- Completed reload, in  0.877 seconds
Platform modules already initialized, skipping
Refreshing native plugins compatible for Editor in 0.20 ms, found 0 plugins.
Preloading 0 native plugins for Editor in 0.00 ms.
Unloading 1120 Unused Serialized files (Serialized files now loaded: 0)
System memory in use before: 74.6 MB.
System memory in use after: 74.7 MB.

Unloading 5 unused Assets to reduce memory usage. Loaded Objects now: 1615.
Total: 1.945100 ms (FindLiveObjects: 0.140200 ms CreateObjectMapping: 0.037800 ms MarkObjects: 1.711600 ms  DeleteObjects: 0.054200 ms)

========================================================================
Received Prepare
Registering precompiled user dll's ...
Registered in 0.001054 seconds.
Begin MonoManager ReloadAssembly
Native extension for WindowsStandalone target not found
Native extension for WebGL target not found
Refreshing native plugins compatible for Editor in 0.36 ms, found 0 plugins.
Preloading 0 native plugins for Editor in 0.00 ms.
Invoked RoslynAnalysisRunner static constructor.
RoslynAnalysisRunner will not be running.
RoslynAnalysisRunner has terminated.
Mono: successfully reloaded assembly
- Completed reload, in  0.910 seconds
Platform modules already initialized, skipping
Refreshing native plugins compatible for Editor in 0.25 ms, found 0 plugins.
Preloading 0 native plugins for Editor in 0.00 ms.
Unloading 1120 Unused Serialized files (Serialized files now loaded: 0)
System memory in use before: 74.6 MB.
System memory in use after: 74.7 MB.

Unloading 5 unused Assets to reduce memory usage. Loaded Objects now: 1618.
Total: 1.869800 ms (FindLiveObjects: 0.288900 ms CreateObjectMapping: 0.082300 ms MarkObjects: 1.414600 ms  DeleteObjects: 0.083000 ms)

========================================================================
Received Import Request.
  Time since last request: 61.886839 seconds.
  path: Assets/Prefabs/Entity/Character.prefab
  artifactKey: Guid(b94b7ad7eaa2a7a4e888321952e38ab4) Importer(815301076,1909f56bfc062723c751e8b465ee728b)
Start importing Assets/Prefabs/Entity/Character.prefab using Guid(b94b7ad7eaa2a7a4e888321952e38ab4) Importer(815301076,1909f56bfc062723c751e8b465ee728b)  -> (artifact id: 'd5671727379c1d26762a81eb42e60a46') in 0.084029 seconds
  Import took 0.086984 seconds .

========================================================================
Received Import Request.
  Time since last request: 10.959646 seconds.
  path: Assets/Prefabs/Entity/Character.prefab
  artifactKey: Guid(b94b7ad7eaa2a7a4e888321952e38ab4) Importer(815301076,1909f56bfc062723c751e8b465ee728b)
Start importing Assets/Prefabs/Entity/Character.prefab using Guid(b94b7ad7eaa2a7a4e888321952e38ab4) Importer(815301076,1909f56bfc062723c751e8b465ee728b)  -> (artifact id: 'a46ab2a8d74d1b6f079e2b86affbc144') in 0.035102 seconds
  Import took 0.038442 seconds .

========================================================================
Received Import Request.
  Time since last request: 0.356551 seconds.
  path: Assets/Prefabs/Entity/Character.prefab
  artifactKey: Guid(b94b7ad7eaa2a7a4e888321952e38ab4) Importer(815301076,1909f56bfc062723c751e8b465ee728b)
Start importing Assets/Prefabs/Entity/Character.prefab using Guid(b94b7ad7eaa2a7a4e888321952e38ab4) Importer(815301076,1909f56bfc062723c751e8b465ee728b)  -> (artifact id: 'bbc9ebf6ab3b7135de26a3c3a9f4c711') in 0.034010 seconds
  Import took 0.037076 seconds .

========================================================================
Received Import Request.
  Time since last request: 0.368036 seconds.
  path: Assets/Prefabs/Entity/Character.prefab
  artifactKey: Guid(b94b7ad7eaa2a7a4e888321952e38ab4) Importer(815301076,1909f56bfc062723c751e8b465ee728b)
Start importing Assets/Prefabs/Entity/Character.prefab using Guid(b94b7ad7eaa2a7a4e888321952e38ab4) Importer(815301076,1909f56bfc062723c751e8b465ee728b)  -> (artifact id: '863cf6d54b5124855886e941af8dbf11') in 0.036904 seconds
  Import took 0.040197 seconds .

========================================================================
Received Import Request.
  Time since last request: 0.169290 seconds.
  path: Assets/Prefabs/Entity/Character.prefab
  artifactKey: Guid(b94b7ad7eaa2a7a4e888321952e38ab4) Importer(815301076,1909f56bfc062723c751e8b465ee728b)
Start importing Assets/Prefabs/Entity/Character.prefab using Guid(b94b7ad7eaa2a7a4e888321952e38ab4) Importer(815301076,1909f56bfc062723c751e8b465ee728b)  -> (artifact id: '48441a5b4bd2dcf2ece3a68a049e0bbd') in 0.033074 seconds
  Import took 0.036547 seconds .

========================================================================
Received Import Request.
  Time since last request: 0.391921 seconds.
  path: Assets/Prefabs/Entity/Character.prefab
  artifactKey: Guid(b94b7ad7eaa2a7a4e888321952e38ab4) Importer(815301076,1909f56bfc062723c751e8b465ee728b)
Start importing Assets/Prefabs/Entity/Character.prefab using Guid(b94b7ad7eaa2a7a4e888321952e38ab4) Importer(815301076,1909f56bfc062723c751e8b465ee728b)  -> (artifact id: 'f70ef0e46b97a9fcc3ba755dd107b12b') in 0.041069 seconds
  Import took 0.044157 seconds .

========================================================================
Received Import Request.
  Time since last request: 0.738919 seconds.
  path: Assets/Prefabs/Entity/Character.prefab
  artifactKey: Guid(b94b7ad7eaa2a7a4e888321952e38ab4) Importer(815301076,1909f56bfc062723c751e8b465ee728b)
Start importing Assets/Prefabs/Entity/Character.prefab using Guid(b94b7ad7eaa2a7a4e888321952e38ab4) Importer(815301076,1909f56bfc062723c751e8b465ee728b)  -> (artifact id: '65dd90014a612262cc99a3d3d26a8cbd') in 0.032870 seconds
  Import took 0.035890 seconds .

========================================================================
Received Import Request.
  Time since last request: 0.594152 seconds.
  path: Assets/Prefabs/Entity/Character.prefab
  artifactKey: Guid(b94b7ad7eaa2a7a4e888321952e38ab4) Importer(815301076,1909f56bfc062723c751e8b465ee728b)
Start importing Assets/Prefabs/Entity/Character.prefab using Guid(b94b7ad7eaa2a7a4e888321952e38ab4) Importer(815301076,1909f56bfc062723c751e8b465ee728b)  -> (artifact id: 'ff621c8f5db9ba9bdfd953595ee48b43') in 0.032241 seconds
  Import took 0.034776 seconds .

========================================================================
Received Import Request.
  Time since last request: 12.813689 seconds.
  path: Assets/Prefabs/Prop/Tank.prefab
  artifactKey: Guid(150c467e44aa80640beba4a1b68e8677) Importer(815301076,1909f56bfc062723c751e8b465ee728b)
Start importing Assets/Prefabs/Prop/Tank.prefab using Guid(150c467e44aa80640beba4a1b68e8677) Importer(815301076,1909f56bfc062723c751e8b465ee728b)  -> (artifact id: 'dd498c96a249c84e40aeb122ba19376b') in 0.015475 seconds
  Import took 0.017845 seconds .

========================================================================
Received Import Request.
  Time since last request: 18.374855 seconds.
  path: Assets/Prefabs/Entity/Character.prefab
  artifactKey: Guid(b94b7ad7eaa2a7a4e888321952e38ab4) Importer(815301076,1909f56bfc062723c751e8b465ee728b)
Start importing Assets/Prefabs/Entity/Character.prefab using Guid(b94b7ad7eaa2a7a4e888321952e38ab4) Importer(815301076,1909f56bfc062723c751e8b465ee728b)  -> (artifact id: '42ab17a2c67eb24b0610b406740bd8e2') in 0.034694 seconds
  Import took 0.037497 seconds .

========================================================================
Received Import Request.
  Time since last request: 3.202268 seconds.
  path: Assets/Prefabs/Entity/Character.prefab
  artifactKey: Guid(b94b7ad7eaa2a7a4e888321952e38ab4) Importer(815301076,1909f56bfc062723c751e8b465ee728b)
Start importing Assets/Prefabs/Entity/Character.prefab using Guid(b94b7ad7eaa2a7a4e888321952e38ab4) Importer(815301076,1909f56bfc062723c751e8b465ee728b)  -> (artifact id: 'a8c4cbb775611cd9aeb37b9a22c415ab') in 0.036521 seconds
  Import took 0.039601 seconds .

========================================================================
Received Prepare
Registering precompiled user dll's ...
Registered in 0.000918 seconds.
Begin MonoManager ReloadAssembly
Native extension for WindowsStandalone target not found
Native extension for WebGL target not found
Refreshing native plugins compatible for Editor in 0.38 ms, found 0 plugins.
Preloading 0 native plugins for Editor in 0.00 ms.
Invoked RoslynAnalysisRunner static constructor.
RoslynAnalysisRunner will not be running.
RoslynAnalysisRunner has terminated.
Mono: successfully reloaded assembly
- Completed reload, in  0.922 seconds
Platform modules already initialized, skipping
Refreshing native plugins compatible for Editor in 0.34 ms, found 0 plugins.
Preloading 0 native plugins for Editor in 0.00 ms.
Unloading 1120 Unused Serialized files (Serialized files now loaded: 0)
System memory in use before: 74.7 MB.
System memory in use after: 74.8 MB.

Unloading 5 unused Assets to reduce memory usage. Loaded Objects now: 1622.
Total: 1.758900 ms (FindLiveObjects: 0.125000 ms CreateObjectMapping: 0.045000 ms MarkObjects: 1.483700 ms  DeleteObjects: 0.104000 ms)

========================================================================
Received Prepare
Registering precompiled user dll's ...
Registered in 0.001126 seconds.
Begin MonoManager ReloadAssembly
Native extension for WindowsStandalone target not found
Native extension for WebGL target not found
Refreshing native plugins compatible for Editor in 0.24 ms, found 0 plugins.
Preloading 0 native plugins for Editor in 0.00 ms.
Invoked RoslynAnalysisRunner static constructor.
RoslynAnalysisRunner will not be running.
RoslynAnalysisRunner has terminated.
Mono: successfully reloaded assembly
- Completed reload, in  0.890 seconds
Platform modules already initialized, skipping
Refreshing native plugins compatible for Editor in 0.25 ms, found 0 plugins.
Preloading 0 native plugins for Editor in 0.00 ms.
Unloading 1120 Unused Serialized files (Serialized files now loaded: 0)
System memory in use before: 74.7 MB.
System memory in use after: 74.8 MB.

Unloading 5 unused Assets to reduce memory usage. Loaded Objects now: 1625.
Total: 1.788200 ms (FindLiveObjects: 0.152200 ms CreateObjectMapping: 0.040200 ms MarkObjects: 1.504500 ms  DeleteObjects: 0.090100 ms)

========================================================================
Received Prepare
Registering precompiled user dll's ...
Registered in 0.000747 seconds.
Begin MonoManager ReloadAssembly
Native extension for WindowsStandalone target not found
Native extension for WebGL target not found
Refreshing native plugins compatible for Editor in 0.33 ms, found 0 plugins.
Preloading 0 native plugins for Editor in 0.00 ms.
Invoked RoslynAnalysisRunner static constructor.
RoslynAnalysisRunner will not be running.
RoslynAnalysisRunner has terminated.
Mono: successfully reloaded assembly
- Completed reload, in  0.915 seconds
Platform modules already initialized, skipping
Refreshing native plugins compatible for Editor in 0.40 ms, found 0 plugins.
Preloading 0 native plugins for Editor in 0.00 ms.
Unloading 1120 Unused Serialized files (Serialized files now loaded: 0)
System memory in use before: 74.7 MB.
System memory in use after: 74.8 MB.

Unloading 5 unused Assets to reduce memory usage. Loaded Objects now: 1628.
Total: 2.296200 ms (FindLiveObjects: 0.232300 ms CreateObjectMapping: 0.125100 ms MarkObjects: 1.874600 ms  DeleteObjects: 0.062300 ms)

========================================================================
Received Import Request.
  Time since last request: 129.237213 seconds.
  path: Assets/Prefabs/Entity/Character.prefab
  artifactKey: Guid(b94b7ad7eaa2a7a4e888321952e38ab4) Importer(815301076,1909f56bfc062723c751e8b465ee728b)
Start importing Assets/Prefabs/Entity/Character.prefab using Guid(b94b7ad7eaa2a7a4e888321952e38ab4) Importer(815301076,1909f56bfc062723c751e8b465ee728b)  -> (artifact id: 'ad275a53e950249ae51ef50b64c65261') in 0.101171 seconds
  Import took 0.104350 seconds .

========================================================================
Received Import Request.
  Time since last request: 0.497895 seconds.
  path: Assets/Prefabs/Entity/Character.prefab
  artifactKey: Guid(b94b7ad7eaa2a7a4e888321952e38ab4) Importer(815301076,1909f56bfc062723c751e8b465ee728b)
Start importing Assets/Prefabs/Entity/Character.prefab using Guid(b94b7ad7eaa2a7a4e888321952e38ab4) Importer(815301076,1909f56bfc062723c751e8b465ee728b)  -> (artifact id: '298602c033ab9918b31617099ba4fdcc') in 0.036136 seconds
  Import took 0.039190 seconds .

========================================================================
Received Import Request.
  Time since last request: 0.366510 seconds.
  path: Assets/Prefabs/Entity/Character.prefab
  artifactKey: Guid(b94b7ad7eaa2a7a4e888321952e38ab4) Importer(815301076,1909f56bfc062723c751e8b465ee728b)
Start importing Assets/Prefabs/Entity/Character.prefab using Guid(b94b7ad7eaa2a7a4e888321952e38ab4) Importer(815301076,1909f56bfc062723c751e8b465ee728b)  -> (artifact id: '012ff5f098e437eab963d36c69131f90') in 0.034223 seconds
  Import took 0.037908 seconds .

========================================================================
Received Import Request.
  Time since last request: 0.170372 seconds.
  path: Assets/Prefabs/Entity/Character.prefab
  artifactKey: Guid(b94b7ad7eaa2a7a4e888321952e38ab4) Importer(815301076,1909f56bfc062723c751e8b465ee728b)
Start importing Assets/Prefabs/Entity/Character.prefab using Guid(b94b7ad7eaa2a7a4e888321952e38ab4) Importer(815301076,1909f56bfc062723c751e8b465ee728b)  -> (artifact id: '17b694e94e454a9972d7ae2e96bfd389') in 0.047770 seconds
  Import took 0.052239 seconds .

========================================================================
Received Import Request.
  Time since last request: 0.350291 seconds.
  path: Assets/Prefabs/Entity/Character.prefab
  artifactKey: Guid(b94b7ad7eaa2a7a4e888321952e38ab4) Importer(815301076,1909f56bfc062723c751e8b465ee728b)
Start importing Assets/Prefabs/Entity/Character.prefab using Guid(b94b7ad7eaa2a7a4e888321952e38ab4) Importer(815301076,1909f56bfc062723c751e8b465ee728b)  -> (artifact id: '5da7e0e67d40fb8fadffd5012e0231b6') in 0.035408 seconds
  Import took 0.038321 seconds .

========================================================================
Received Import Request.
  Time since last request: 0.404154 seconds.
  path: Assets/Prefabs/Entity/Character.prefab
  artifactKey: Guid(b94b7ad7eaa2a7a4e888321952e38ab4) Importer(815301076,1909f56bfc062723c751e8b465ee728b)
Start importing Assets/Prefabs/Entity/Character.prefab using Guid(b94b7ad7eaa2a7a4e888321952e38ab4) Importer(815301076,1909f56bfc062723c751e8b465ee728b)  -> (artifact id: '6ca1d40d71f542c289f4e3ae32e4c98e') in 0.037464 seconds
  Import took 0.040575 seconds .

========================================================================
Received Import Request.
  Time since last request: 39.714939 seconds.
  path: Assets/Prefabs/LevelComponent/Road.prefab
  artifactKey: Guid(19eae962033dd584da29ae53cb4ac257) Importer(815301076,1909f56bfc062723c751e8b465ee728b)
Start importing Assets/Prefabs/LevelComponent/Road.prefab using Guid(19eae962033dd584da29ae53cb4ac257) Importer(815301076,1909f56bfc062723c751e8b465ee728b)  -> (artifact id: '773208b92c3e5a7d405ed2f5163a186f') in 0.017003 seconds
  Import took 0.020004 seconds .

========================================================================
Received Prepare
Registering precompiled user dll's ...
Registered in 0.000951 seconds.
Begin MonoManager ReloadAssembly
Native extension for WindowsStandalone target not found
Native extension for WebGL target not found
Refreshing native plugins compatible for Editor in 0.35 ms, found 0 plugins.
Preloading 0 native plugins for Editor in 0.00 ms.
Invoked RoslynAnalysisRunner static constructor.
RoslynAnalysisRunner will not be running.
RoslynAnalysisRunner has terminated.
Mono: successfully reloaded assembly
- Completed reload, in  0.834 seconds
Platform modules already initialized, skipping
Refreshing native plugins compatible for Editor in 0.55 ms, found 0 plugins.
Preloading 0 native plugins for Editor in 0.00 ms.
Unloading 1120 Unused Serialized files (Serialized files now loaded: 0)
System memory in use before: 74.8 MB.
System memory in use after: 74.9 MB.

Unloading 6 unused Assets to reduce memory usage. Loaded Objects now: 1632.
Total: 1.944300 ms (FindLiveObjects: 0.245800 ms CreateObjectMapping: 0.050700 ms MarkObjects: 1.529600 ms  DeleteObjects: 0.116400 ms)

========================================================================
Received Import Request.
  Time since last request: 11.100956 seconds.
  path: Assets/Prefabs/LevelComponent/Road.prefab
  artifactKey: Guid(19eae962033dd584da29ae53cb4ac257) Importer(815301076,1909f56bfc062723c751e8b465ee728b)
Start importing Assets/Prefabs/LevelComponent/Road.prefab using Guid(19eae962033dd584da29ae53cb4ac257) Importer(815301076,1909f56bfc062723c751e8b465ee728b)  -> (artifact id: 'dad0598b15698d91b2285938382e6946') in 0.062136 seconds
  Import took 0.064216 seconds .

========================================================================
Received Import Request.
  Time since last request: 1.691987 seconds.
  path: Assets/Prefabs/LevelComponent/Road.prefab
  artifactKey: Guid(19eae962033dd584da29ae53cb4ac257) Importer(815301076,1909f56bfc062723c751e8b465ee728b)
Start importing Assets/Prefabs/LevelComponent/Road.prefab using Guid(19eae962033dd584da29ae53cb4ac257) Importer(815301076,1909f56bfc062723c751e8b465ee728b)  -> (artifact id: '3be5d30e874014269453037c5e44d1c0') in 0.014324 seconds
  Import took 0.017385 seconds .

========================================================================
Received Import Request.
  Time since last request: 1.797612 seconds.
  path: Assets/Prefabs/LevelComponent/Road.prefab
  artifactKey: Guid(19eae962033dd584da29ae53cb4ac257) Importer(815301076,1909f56bfc062723c751e8b465ee728b)
Start importing Assets/Prefabs/LevelComponent/Road.prefab using Guid(19eae962033dd584da29ae53cb4ac257) Importer(815301076,1909f56bfc062723c751e8b465ee728b)  -> (artifact id: 'ab8d0bbb16dfc2e9af575f80f9e2e3ef') in 0.012579 seconds
  Import took 0.014994 seconds .

========================================================================
Received Import Request.
  Time since last request: 1.802181 seconds.
  path: Assets/Prefabs/LevelComponent/Road.prefab
  artifactKey: Guid(19eae962033dd584da29ae53cb4ac257) Importer(815301076,1909f56bfc062723c751e8b465ee728b)
Start importing Assets/Prefabs/LevelComponent/Road.prefab using Guid(19eae962033dd584da29ae53cb4ac257) Importer(815301076,1909f56bfc062723c751e8b465ee728b)  -> (artifact id: '07fae0877ea2644d965c97a84b93d85a') in 0.013185 seconds
  Import took 0.015668 seconds .

========================================================================
Received Import Request.
  Time since last request: 2.346849 seconds.
  path: Assets/Prefabs/LevelComponent/Road.prefab
  artifactKey: Guid(19eae962033dd584da29ae53cb4ac257) Importer(815301076,1909f56bfc062723c751e8b465ee728b)
Start importing Assets/Prefabs/LevelComponent/Road.prefab using Guid(19eae962033dd584da29ae53cb4ac257) Importer(815301076,1909f56bfc062723c751e8b465ee728b)  -> (artifact id: '25f292bc32ad932d6f5513fb84b5af6d') in 0.013899 seconds
  Import took 0.017228 seconds .

========================================================================
Received Import Request.
  Time since last request: 76.399978 seconds.
  path: Assets/Scripts/MoveTo.cs
  artifactKey: Guid(4e4347864c6724c4e82289799f3725c3) Importer(815301076,1909f56bfc062723c751e8b465ee728b)
Start importing Assets/Scripts/MoveTo.cs using Guid(4e4347864c6724c4e82289799f3725c3) Importer(815301076,1909f56bfc062723c751e8b465ee728b)  -> (artifact id: 'cc6c5c80ce3b163be5de8782e7a21a99') in 0.002798 seconds
  Import took 0.005696 seconds .

========================================================================
Received Prepare
Registering precompiled user dll's ...
Registered in 0.000812 seconds.
Begin MonoManager ReloadAssembly
Native extension for WindowsStandalone target not found
Native extension for WebGL target not found
Refreshing native plugins compatible for Editor in 0.22 ms, found 0 plugins.
Preloading 0 native plugins for Editor in 0.00 ms.
Invoked RoslynAnalysisRunner static constructor.
RoslynAnalysisRunner will not be running.
RoslynAnalysisRunner has terminated.
Mono: successfully reloaded assembly
- Completed reload, in  0.897 seconds
Platform modules already initialized, skipping
Refreshing native plugins compatible for Editor in 0.24 ms, found 0 plugins.
Preloading 0 native plugins for Editor in 0.00 ms.
Unloading 1121 Unused Serialized files (Serialized files now loaded: 0)
System memory in use before: 74.8 MB.
System memory in use after: 74.9 MB.

Unloading 6 unused Assets to reduce memory usage. Loaded Objects now: 1637.
Total: 2.085800 ms (FindLiveObjects: 0.221300 ms CreateObjectMapping: 0.059100 ms MarkObjects: 1.739100 ms  DeleteObjects: 0.065100 ms)

========================================================================
Received Prepare
Registering precompiled user dll's ...
Registered in 0.000778 seconds.
Begin MonoManager ReloadAssembly
Native extension for WindowsStandalone target not found
Native extension for WebGL target not found
Refreshing native plugins compatible for Editor in 0.21 ms, found 0 plugins.
Preloading 0 native plugins for Editor in 0.00 ms.
Invoked RoslynAnalysisRunner static constructor.
RoslynAnalysisRunner will not be running.
RoslynAnalysisRunner has terminated.
Mono: successfully reloaded assembly
- Completed reload, in  0.876 seconds
Platform modules already initialized, skipping
Refreshing native plugins compatible for Editor in 0.30 ms, found 0 plugins.
Preloading 0 native plugins for Editor in 0.00 ms.
Unloading 1121 Unused Serialized files (Serialized files now loaded: 0)
System memory in use before: 74.8 MB.
System memory in use after: 74.9 MB.

Unloading 5 unused Assets to reduce memory usage. Loaded Objects now: 1640.
Total: 2.006000 ms (FindLiveObjects: 0.187300 ms CreateObjectMapping: 0.041300 ms MarkObjects: 1.690700 ms  DeleteObjects: 0.085100 ms)

========================================================================
Received Import Request.
  Time since last request: 72.232473 seconds.
  path: Assets/Scripts/MoveTo.cs
  artifactKey: Guid(4e4347864c6724c4e82289799f3725c3) Importer(815301076,1909f56bfc062723c751e8b465ee728b)
Start importing Assets/Scripts/MoveTo.cs using Guid(4e4347864c6724c4e82289799f3725c3) Importer(815301076,1909f56bfc062723c751e8b465ee728b)  -> (artifact id: 'ca0814d8d6ae4fd1034514f2e8760f29') in 0.005736 seconds
  Import took 0.007726 seconds .

========================================================================
Received Import Request.
  Time since last request: 49.169398 seconds.
  path: Assets/Prefabs/LevelComponent/Road.prefab
  artifactKey: Guid(19eae962033dd584da29ae53cb4ac257) Importer(815301076,1909f56bfc062723c751e8b465ee728b)
Start importing Assets/Prefabs/LevelComponent/Road.prefab using Guid(19eae962033dd584da29ae53cb4ac257) Importer(815301076,1909f56bfc062723c751e8b465ee728b)  -> (artifact id: 'e4850a7a5d44feba271e9af43042f5e8') in 0.063255 seconds
  Import took 0.065848 seconds .

========================================================================
Received Prepare
Registering precompiled user dll's ...
Registered in 0.000825 seconds.
Begin MonoManager ReloadAssembly
Native extension for WindowsStandalone target not found
Native extension for WebGL target not found
Refreshing native plugins compatible for Editor in 0.20 ms, found 0 plugins.
Preloading 0 native plugins for Editor in 0.00 ms.
Invoked RoslynAnalysisRunner static constructor.
RoslynAnalysisRunner will not be running.
RoslynAnalysisRunner has terminated.
Mono: successfully reloaded assembly
- Completed reload, in  0.799 seconds
Platform modules already initialized, skipping
Refreshing native plugins compatible for Editor in 0.22 ms, found 0 plugins.
Preloading 0 native plugins for Editor in 0.00 ms.
Unloading 1121 Unused Serialized files (Serialized files now loaded: 0)
System memory in use before: 74.9 MB.
System memory in use after: 74.9 MB.

Unloading 6 unused Assets to reduce memory usage. Loaded Objects now: 1644.
Total: 2.308700 ms (FindLiveObjects: 0.195400 ms CreateObjectMapping: 0.046700 ms MarkObjects: 2.008800 ms  DeleteObjects: 0.056200 ms)

========================================================================
Received Import Request.
  Time since last request: 31.104772 seconds.
  path: Assets/Prefabs/LevelComponent/Road.prefab
  artifactKey: Guid(19eae962033dd584da29ae53cb4ac257) Importer(815301076,1909f56bfc062723c751e8b465ee728b)
Start importing Assets/Prefabs/LevelComponent/Road.prefab using Guid(19eae962033dd584da29ae53cb4ac257) Importer(815301076,1909f56bfc062723c751e8b465ee728b)  -> (artifact id: '20694011d5c52b38f644763fa1ce14fc') in 0.065861 seconds
  Import took 0.068457 seconds .

========================================================================
Received Import Request.
  Time since last request: 1.069965 seconds.
  path: Assets/Prefabs/LevelComponent/Road.prefab
  artifactKey: Guid(19eae962033dd584da29ae53cb4ac257) Importer(815301076,1909f56bfc062723c751e8b465ee728b)
Start importing Assets/Prefabs/LevelComponent/Road.prefab using Guid(19eae962033dd584da29ae53cb4ac257) Importer(815301076,1909f56bfc062723c751e8b465ee728b)  -> (artifact id: 'e0c913d1fa458196e25ee51016f754a5') in 0.018675 seconds
  Import took 0.021904 seconds .

========================================================================
Received Import Request.
  Time since last request: 3.012897 seconds.
  path: Assets/Prefabs/LevelComponent/Road.prefab
  artifactKey: Guid(19eae962033dd584da29ae53cb4ac257) Importer(815301076,1909f56bfc062723c751e8b465ee728b)
Start importing Assets/Prefabs/LevelComponent/Road.prefab using Guid(19eae962033dd584da29ae53cb4ac257) Importer(815301076,1909f56bfc062723c751e8b465ee728b)  -> (artifact id: 'd6f84c379e0399f7bbc6ee301098f278') in 0.016054 seconds
  Import took 0.020973 seconds .

========================================================================
Received Import Request.
  Time since last request: 5.223062 seconds.
  path: Assets/Prefabs/LevelComponent/Road.prefab
  artifactKey: Guid(19eae962033dd584da29ae53cb4ac257) Importer(815301076,1909f56bfc062723c751e8b465ee728b)
Start importing Assets/Prefabs/LevelComponent/Road.prefab using Guid(19eae962033dd584da29ae53cb4ac257) Importer(815301076,1909f56bfc062723c751e8b465ee728b)  -> (artifact id: '1cebe8234958cfa9ffba9719ccfac9cc') in 0.018695 seconds
  Import took 0.021051 seconds .

========================================================================
Received Import Request.
  Time since last request: 8.918756 seconds.
  path: Assets/Prefabs/LevelComponent/Road.prefab
  artifactKey: Guid(19eae962033dd584da29ae53cb4ac257) Importer(815301076,1909f56bfc062723c751e8b465ee728b)
Start importing Assets/Prefabs/LevelComponent/Road.prefab using Guid(19eae962033dd584da29ae53cb4ac257) Importer(815301076,1909f56bfc062723c751e8b465ee728b)  -> (artifact id: 'fe1fdf6c26aba064ee74b33fb977c3aa') in 0.014385 seconds
  Import took 0.017051 seconds .

========================================================================
Received Import Request.
  Time since last request: 2.052961 seconds.
  path: Assets/Prefabs/LevelComponent/Road.prefab
  artifactKey: Guid(19eae962033dd584da29ae53cb4ac257) Importer(815301076,1909f56bfc062723c751e8b465ee728b)
Start importing Assets/Prefabs/LevelComponent/Road.prefab using Guid(19eae962033dd584da29ae53cb4ac257) Importer(815301076,1909f56bfc062723c751e8b465ee728b)  -> (artifact id: 'd762a0d30167a6134fdc3769447e9318') in 0.016086 seconds
  Import took 0.018653 seconds .

========================================================================
Received Import Request.
  Time since last request: 2.191307 seconds.
  path: Assets/Prefabs/LevelComponent/Road.prefab
  artifactKey: Guid(19eae962033dd584da29ae53cb4ac257) Importer(815301076,1909f56bfc062723c751e8b465ee728b)
Start importing Assets/Prefabs/LevelComponent/Road.prefab using Guid(19eae962033dd584da29ae53cb4ac257) Importer(815301076,1909f56bfc062723c751e8b465ee728b)  -> (artifact id: '6282ad498abd817f7ac23d00956b38dc') in 0.013547 seconds
  Import took 0.016385 seconds .

========================================================================
Received Import Request.
  Time since last request: 5.853872 seconds.
  path: Assets/Prefabs/LevelComponent/Road.prefab
  artifactKey: Guid(19eae962033dd584da29ae53cb4ac257) Importer(815301076,1909f56bfc062723c751e8b465ee728b)
Start importing Assets/Prefabs/LevelComponent/Road.prefab using Guid(19eae962033dd584da29ae53cb4ac257) Importer(815301076,1909f56bfc062723c751e8b465ee728b)  -> (artifact id: 'bffd2bfa39d328dc3f349ff7cecea291') in 0.014109 seconds
  Import took 0.016822 seconds .

========================================================================
Received Import Request.
  Time since last request: 2.405464 seconds.
  path: Assets/Prefabs/LevelComponent/Road.prefab
  artifactKey: Guid(19eae962033dd584da29ae53cb4ac257) Importer(815301076,1909f56bfc062723c751e8b465ee728b)
Start importing Assets/Prefabs/LevelComponent/Road.prefab using Guid(19eae962033dd584da29ae53cb4ac257) Importer(815301076,1909f56bfc062723c751e8b465ee728b)  -> (artifact id: '327a6b0c473a679743365d390677b7ca') in 0.013417 seconds
  Import took 0.016148 seconds .

========================================================================
Received Import Request.
  Time since last request: 6.037108 seconds.
  path: Assets/Prefabs/LevelComponent/Road.prefab
  artifactKey: Guid(19eae962033dd584da29ae53cb4ac257) Importer(815301076,1909f56bfc062723c751e8b465ee728b)
Start importing Assets/Prefabs/LevelComponent/Road.prefab using Guid(19eae962033dd584da29ae53cb4ac257) Importer(815301076,1909f56bfc062723c751e8b465ee728b)  -> (artifact id: '3d5da1fade647bd23bc5fa9eabe2307b') in 0.014713 seconds
  Import took 0.017155 seconds .

========================================================================
Received Import Request.
  Time since last request: 20.955176 seconds.
  path: Assets/Scripts/TeleportTo.cs
  artifactKey: Guid(34558c12df0775b4690006a8bc45cb1a) Importer(815301076,1909f56bfc062723c751e8b465ee728b)
Start importing Assets/Scripts/TeleportTo.cs using Guid(34558c12df0775b4690006a8bc45cb1a) Importer(815301076,1909f56bfc062723c751e8b465ee728b)  -> (artifact id: '6cd12085748305f4aaa88323d537b4f2') in 0.002700 seconds
  Import took 0.005011 seconds .

========================================================================
Received Prepare
Registering precompiled user dll's ...
Registered in 0.000717 seconds.
Begin MonoManager ReloadAssembly
Native extension for WindowsStandalone target not found
Native extension for WebGL target not found
Refreshing native plugins compatible for Editor in 0.24 ms, found 0 plugins.
Preloading 0 native plugins for Editor in 0.00 ms.
Invoked RoslynAnalysisRunner static constructor.
RoslynAnalysisRunner will not be running.
RoslynAnalysisRunner has terminated.
Mono: successfully reloaded assembly
- Completed reload, in  0.826 seconds
Platform modules already initialized, skipping
Refreshing native plugins compatible for Editor in 0.28 ms, found 0 plugins.
Preloading 0 native plugins for Editor in 0.00 ms.
Unloading 1122 Unused Serialized files (Serialized files now loaded: 0)
System memory in use before: 74.9 MB.
System memory in use after: 75.0 MB.

Unloading 6 unused Assets to reduce memory usage. Loaded Objects now: 1649.
Total: 2.047500 ms (FindLiveObjects: 0.257300 ms CreateObjectMapping: 0.060900 ms MarkObjects: 1.668400 ms  DeleteObjects: 0.059700 ms)

========================================================================
Received Prepare
Registering precompiled user dll's ...
Registered in 0.000738 seconds.
Begin MonoManager ReloadAssembly
Native extension for WindowsStandalone target not found
Native extension for WebGL target not found
Refreshing native plugins compatible for Editor in 0.25 ms, found 0 plugins.
Preloading 0 native plugins for Editor in 0.00 ms.
Invoked RoslynAnalysisRunner static constructor.
RoslynAnalysisRunner will not be running.
RoslynAnalysisRunner has terminated.
Mono: successfully reloaded assembly
- Completed reload, in  0.818 seconds
Platform modules already initialized, skipping
Refreshing native plugins compatible for Editor in 0.20 ms, found 0 plugins.
Preloading 0 native plugins for Editor in 0.00 ms.
Unloading 1122 Unused Serialized files (Serialized files now loaded: 0)
System memory in use before: 74.9 MB.
System memory in use after: 75.0 MB.

Unloading 5 unused Assets to reduce memory usage. Loaded Objects now: 1652.
Total: 2.291300 ms (FindLiveObjects: 0.169400 ms CreateObjectMapping: 0.064400 ms MarkObjects: 1.946200 ms  DeleteObjects: 0.109500 ms)

========================================================================
Received Import Request.
  Time since last request: 31.607604 seconds.
  path: Assets/Scripts/TeleportTo.cs
  artifactKey: Guid(34558c12df0775b4690006a8bc45cb1a) Importer(815301076,1909f56bfc062723c751e8b465ee728b)
Start importing Assets/Scripts/TeleportTo.cs using Guid(34558c12df0775b4690006a8bc45cb1a) Importer(815301076,1909f56bfc062723c751e8b465ee728b)  -> (artifact id: '2245c6bfb4ba3db54d1533e0a4bfefc4') in 0.003818 seconds
  Import took 0.005638 seconds .

========================================================================
Received Import Request.
  Time since last request: 6.476207 seconds.
  path: ProjectSettings/TagManager.asset
  artifactKey: Guid(00000000000000003000000000000000) Importer(815301076,1909f56bfc062723c751e8b465ee728b)
Start importing ProjectSettings/TagManager.asset using Guid(00000000000000003000000000000000) Importer(815301076,1909f56bfc062723c751e8b465ee728b)  -> (artifact id: 'e58c32c74971579209c983feef23e212') in 0.012795 seconds
  Import took 0.015092 seconds .

========================================================================
Received Prepare
Registering precompiled user dll's ...
Registered in 0.001134 seconds.
Begin MonoManager ReloadAssembly
Native extension for WindowsStandalone target not found
Native extension for WebGL target not found
Refreshing native plugins compatible for Editor in 0.20 ms, found 0 plugins.
Preloading 0 native plugins for Editor in 0.00 ms.
Invoked RoslynAnalysisRunner static constructor.
RoslynAnalysisRunner will not be running.
RoslynAnalysisRunner has terminated.
Mono: successfully reloaded assembly
- Completed reload, in  0.787 seconds
Platform modules already initialized, skipping
Refreshing native plugins compatible for Editor in 0.21 ms, found 0 plugins.
Preloading 0 native plugins for Editor in 0.00 ms.
Unloading 1122 Unused Serialized files (Serialized files now loaded: 0)
System memory in use before: 74.9 MB.
System memory in use after: 75.0 MB.

Unloading 6 unused Assets to reduce memory usage. Loaded Objects now: 1655.
Total: 1.946600 ms (FindLiveObjects: 0.229600 ms CreateObjectMapping: 0.037700 ms MarkObjects: 1.599600 ms  DeleteObjects: 0.078300 ms)

========================================================================
Received Prepare
Registering precompiled user dll's ...
Registered in 0.000836 seconds.
Begin MonoManager ReloadAssembly
Native extension for WindowsStandalone target not found
Native extension for WebGL target not found
Refreshing native plugins compatible for Editor in 0.21 ms, found 0 plugins.
Preloading 0 native plugins for Editor in 0.00 ms.
Invoked RoslynAnalysisRunner static constructor.
RoslynAnalysisRunner will not be running.
RoslynAnalysisRunner has terminated.
Mono: successfully reloaded assembly
- Completed reload, in  0.826 seconds
Platform modules already initialized, skipping
Refreshing native plugins compatible for Editor in 0.22 ms, found 0 plugins.
Preloading 0 native plugins for Editor in 0.00 ms.
Unloading 1122 Unused Serialized files (Serialized files now loaded: 0)
System memory in use before: 74.9 MB.
System memory in use after: 75.0 MB.

Unloading 5 unused Assets to reduce memory usage. Loaded Objects now: 1658.
Total: 2.084800 ms (FindLiveObjects: 0.153000 ms CreateObjectMapping: 0.042700 ms MarkObjects: 1.769800 ms  DeleteObjects: 0.117400 ms)

========================================================================
Received Prepare
Registering precompiled user dll's ...
Registered in 0.000895 seconds.
Begin MonoManager ReloadAssembly
Native extension for WindowsStandalone target not found
Native extension for WebGL target not found
Refreshing native plugins compatible for Editor in 0.20 ms, found 0 plugins.
Preloading 0 native plugins for Editor in 0.00 ms.
Invoked RoslynAnalysisRunner static constructor.
RoslynAnalysisRunner will not be running.
RoslynAnalysisRunner has terminated.
Mono: successfully reloaded assembly
- Completed reload, in  0.791 seconds
Platform modules already initialized, skipping
Refreshing native plugins compatible for Editor in 0.20 ms, found 0 plugins.
Preloading 0 native plugins for Editor in 0.00 ms.
Unloading 1122 Unused Serialized files (Serialized files now loaded: 0)
System memory in use before: 74.9 MB.
System memory in use after: 75.0 MB.

Unloading 5 unused Assets to reduce memory usage. Loaded Objects now: 1661.
Total: 24.063300 ms (FindLiveObjects: 21.930600 ms CreateObjectMapping: 0.162400 ms MarkObjects: 1.894700 ms  DeleteObjects: 0.074300 ms)

========================================================================
Received Import Request.
  Time since last request: 175.223883 seconds.
  path: Assets/Prefabs/LevelComponent/Road.prefab
  artifactKey: Guid(19eae962033dd584da29ae53cb4ac257) Importer(815301076,1909f56bfc062723c751e8b465ee728b)
Start importing Assets/Prefabs/LevelComponent/Road.prefab using Guid(19eae962033dd584da29ae53cb4ac257) Importer(815301076,1909f56bfc062723c751e8b465ee728b)  -> (artifact id: '36830fd566e0b5f7653a48b9befa1e32') in 0.065148 seconds
  Import took 0.067516 seconds .

========================================================================
Received Prepare
Registering precompiled user dll's ...
Registered in 0.000786 seconds.
Begin MonoManager ReloadAssembly
Native extension for WindowsStandalone target not found
Native extension for WebGL target not found
Refreshing native plugins compatible for Editor in 0.23 ms, found 0 plugins.
Preloading 0 native plugins for Editor in 0.00 ms.
Invoked RoslynAnalysisRunner static constructor.
RoslynAnalysisRunner will not be running.
RoslynAnalysisRunner has terminated.
Mono: successfully reloaded assembly
- Completed reload, in  0.833 seconds
Platform modules already initialized, skipping
Refreshing native plugins compatible for Editor in 0.20 ms, found 0 plugins.
Preloading 0 native plugins for Editor in 0.00 ms.
Unloading 1122 Unused Serialized files (Serialized files now loaded: 0)
System memory in use before: 74.9 MB.
System memory in use after: 75.0 MB.

Unloading 6 unused Assets to reduce memory usage. Loaded Objects now: 1665.
Total: 2.017700 ms (FindLiveObjects: 0.207100 ms CreateObjectMapping: 0.064700 ms MarkObjects: 1.673100 ms  DeleteObjects: 0.071900 ms)

========================================================================
Received Import Request.
  Time since last request: 13.368486 seconds.
  path: Assets/Prefabs/LevelComponent/Road.prefab
  artifactKey: Guid(19eae962033dd584da29ae53cb4ac257) Importer(815301076,1909f56bfc062723c751e8b465ee728b)
Start importing Assets/Prefabs/LevelComponent/Road.prefab using Guid(19eae962033dd584da29ae53cb4ac257) Importer(815301076,1909f56bfc062723c751e8b465ee728b)  -> (artifact id: '89bebc5dcc43e882f8c894dc51bd8cfa') in 0.070652 seconds
  Import took 0.073656 seconds .

========================================================================
Received Prepare
Registering precompiled user dll's ...
Registered in 0.000875 seconds.
Begin MonoManager ReloadAssembly
Native extension for WindowsStandalone target not found
Native extension for WebGL target not found
Refreshing native plugins compatible for Editor in 0.22 ms, found 0 plugins.
Preloading 0 native plugins for Editor in 0.00 ms.
Invoked RoslynAnalysisRunner static constructor.
RoslynAnalysisRunner will not be running.
RoslynAnalysisRunner has terminated.
Mono: successfully reloaded assembly
- Completed reload, in  0.965 seconds
Platform modules already initialized, skipping
Refreshing native plugins compatible for Editor in 0.20 ms, found 0 plugins.
Preloading 0 native plugins for Editor in 0.00 ms.
Unloading 1122 Unused Serialized files (Serialized files now loaded: 0)
System memory in use before: 74.9 MB.
System memory in use after: 75.0 MB.

Unloading 6 unused Assets to reduce memory usage. Loaded Objects now: 1669.
Total: 1.774400 ms (FindLiveObjects: 0.196400 ms CreateObjectMapping: 0.044000 ms MarkObjects: 1.454000 ms  DeleteObjects: 0.078900 ms)

========================================================================
Received Prepare
Registering precompiled user dll's ...
Registered in 0.000756 seconds.
Begin MonoManager ReloadAssembly
Native extension for WindowsStandalone target not found
Native extension for WebGL target not found
Refreshing native plugins compatible for Editor in 0.21 ms, found 0 plugins.
Preloading 0 native plugins for Editor in 0.00 ms.
Invoked RoslynAnalysisRunner static constructor.
RoslynAnalysisRunner will not be running.
RoslynAnalysisRunner has terminated.
Mono: successfully reloaded assembly
- Completed reload, in  0.821 seconds
Platform modules already initialized, skipping
Refreshing native plugins compatible for Editor in 0.20 ms, found 0 plugins.
Preloading 0 native plugins for Editor in 0.00 ms.
Unloading 1122 Unused Serialized files (Serialized files now loaded: 0)
System memory in use before: 74.9 MB.
System memory in use after: 75.0 MB.

Unloading 5 unused Assets to reduce memory usage. Loaded Objects now: 1672.
Total: 1.877800 ms (FindLiveObjects: 0.189900 ms CreateObjectMapping: 0.054700 ms MarkObjects: 1.553900 ms  DeleteObjects: 0.078300 ms)

========================================================================
Received Prepare
Registering precompiled user dll's ...
Registered in 0.000766 seconds.
Begin MonoManager ReloadAssembly
Native extension for WindowsStandalone target not found
Native extension for WebGL target not found
Refreshing native plugins compatible for Editor in 0.20 ms, found 0 plugins.
Preloading 0 native plugins for Editor in 0.00 ms.
Invoked RoslynAnalysisRunner static constructor.
RoslynAnalysisRunner will not be running.
RoslynAnalysisRunner has terminated.
Mono: successfully reloaded assembly
- Completed reload, in  0.822 seconds
Platform modules already initialized, skipping
Refreshing native plugins compatible for Editor in 0.28 ms, found 0 plugins.
Preloading 0 native plugins for Editor in 0.00 ms.
Unloading 1122 Unused Serialized files (Serialized files now loaded: 0)
System memory in use before: 74.9 MB.
System memory in use after: 75.0 MB.

Unloading 5 unused Assets to reduce memory usage. Loaded Objects now: 1675.
Total: 1.842200 ms (FindLiveObjects: 0.260600 ms CreateObjectMapping: 0.104600 ms MarkObjects: 1.418400 ms  DeleteObjects: 0.056200 ms)

========================================================================
Received Import Request.
  Time since last request: 83.496477 seconds.
  path: Assets/Prefabs/Prop/Tank.prefab
  artifactKey: Guid(150c467e44aa80640beba4a1b68e8677) Importer(815301076,1909f56bfc062723c751e8b465ee728b)
Start importing Assets/Prefabs/Prop/Tank.prefab using Guid(150c467e44aa80640beba4a1b68e8677) Importer(815301076,1909f56bfc062723c751e8b465ee728b)  -> (artifact id: '00ff91997ef045643fbfba33282dbceb') in 0.058632 seconds
  Import took 0.060998 seconds .

========================================================================
Received Prepare
Registering precompiled user dll's ...
Registered in 0.000728 seconds.
Begin MonoManager ReloadAssembly
Native extension for WindowsStandalone target not found
Native extension for WebGL target not found
Refreshing native plugins compatible for Editor in 0.24 ms, found 0 plugins.
Preloading 0 native plugins for Editor in 0.00 ms.
Invoked RoslynAnalysisRunner static constructor.
RoslynAnalysisRunner will not be running.
RoslynAnalysisRunner has terminated.
Mono: successfully reloaded assembly
- Completed reload, in  0.813 seconds
Platform modules already initialized, skipping
Refreshing native plugins compatible for Editor in 0.21 ms, found 0 plugins.
Preloading 0 native plugins for Editor in 0.00 ms.
Unloading 1122 Unused Serialized files (Serialized files now loaded: 0)
System memory in use before: 75.0 MB.
System memory in use after: 75.0 MB.

Unloading 5 unused Assets to reduce memory usage. Loaded Objects now: 1679.
Total: 2.341000 ms (FindLiveObjects: 0.216700 ms CreateObjectMapping: 0.052300 ms MarkObjects: 1.981400 ms  DeleteObjects: 0.089200 ms)

========================================================================
Received Prepare
Registering precompiled user dll's ...
Registered in 0.000849 seconds.
Begin MonoManager ReloadAssembly
Native extension for WindowsStandalone target not found
Native extension for WebGL target not found
Refreshing native plugins compatible for Editor in 0.22 ms, found 0 plugins.
Preloading 0 native plugins for Editor in 0.00 ms.
Invoked RoslynAnalysisRunner static constructor.
RoslynAnalysisRunner will not be running.
RoslynAnalysisRunner has terminated.
Mono: successfully reloaded assembly
- Completed reload, in  0.803 seconds
Platform modules already initialized, skipping
Refreshing native plugins compatible for Editor in 0.23 ms, found 0 plugins.
Preloading 0 native plugins for Editor in 0.00 ms.
Unloading 1122 Unused Serialized files (Serialized files now loaded: 0)
System memory in use before: 75.0 MB.
System memory in use after: 75.0 MB.

Unloading 5 unused Assets to reduce memory usage. Loaded Objects now: 1682.
Total: 2.303800 ms (FindLiveObjects: 0.235400 ms CreateObjectMapping: 0.054500 ms MarkObjects: 1.919100 ms  DeleteObjects: 0.092800 ms)

========================================================================
Received Prepare
Registering precompiled user dll's ...
Registered in 0.000707 seconds.
Begin MonoManager ReloadAssembly
Native extension for WindowsStandalone target not found
Native extension for WebGL target not found
Refreshing native plugins compatible for Editor in 0.26 ms, found 0 plugins.
Preloading 0 native plugins for Editor in 0.00 ms.
Invoked RoslynAnalysisRunner static constructor.
RoslynAnalysisRunner will not be running.
RoslynAnalysisRunner has terminated.
Mono: successfully reloaded assembly
- Completed reload, in  0.845 seconds
Platform modules already initialized, skipping
Refreshing native plugins compatible for Editor in 0.20 ms, found 0 plugins.
Preloading 0 native plugins for Editor in 0.00 ms.
Unloading 1122 Unused Serialized files (Serialized files now loaded: 0)
System memory in use before: 75.0 MB.
System memory in use after: 75.0 MB.

Unloading 5 unused Assets to reduce memory usage. Loaded Objects now: 1685.
Total: 1.924900 ms (FindLiveObjects: 0.124600 ms CreateObjectMapping: 0.032100 ms MarkObjects: 1.697000 ms  DeleteObjects: 0.069700 ms)

========================================================================
Received Import Request.
  Time since last request: 168.945413 seconds.
  path: Assets/Prefabs/LevelComponent/Road.prefab
  artifactKey: Guid(19eae962033dd584da29ae53cb4ac257) Importer(815301076,1909f56bfc062723c751e8b465ee728b)
Start importing Assets/Prefabs/LevelComponent/Road.prefab using Guid(19eae962033dd584da29ae53cb4ac257) Importer(815301076,1909f56bfc062723c751e8b465ee728b)  -> (artifact id: '1c09ef843ba532c6f84ee43859d09d93') in 0.072277 seconds
  Import took 0.074926 seconds .

========================================================================
Received Import Request.
  Time since last request: 1.174864 seconds.
  path: Assets/Prefabs/LevelComponent/Road.prefab
  artifactKey: Guid(19eae962033dd584da29ae53cb4ac257) Importer(815301076,1909f56bfc062723c751e8b465ee728b)
Start importing Assets/Prefabs/LevelComponent/Road.prefab using Guid(19eae962033dd584da29ae53cb4ac257) Importer(815301076,1909f56bfc062723c751e8b465ee728b)  -> (artifact id: '04d4a261780feeab825fabd86b0c5c7f') in 0.014075 seconds
  Import took 0.016418 seconds .

========================================================================
Received Prepare
Registering precompiled user dll's ...
Registered in 0.001084 seconds.
Begin MonoManager ReloadAssembly
Native extension for WindowsStandalone target not found
Native extension for WebGL target not found
Refreshing native plugins compatible for Editor in 0.20 ms, found 0 plugins.
Preloading 0 native plugins for Editor in 0.00 ms.
Invoked RoslynAnalysisRunner static constructor.
RoslynAnalysisRunner will not be running.
RoslynAnalysisRunner has terminated.
Mono: successfully reloaded assembly
- Completed reload, in  0.822 seconds
Platform modules already initialized, skipping
Refreshing native plugins compatible for Editor in 0.20 ms, found 0 plugins.
Preloading 0 native plugins for Editor in 0.00 ms.
Unloading 1122 Unused Serialized files (Serialized files now loaded: 0)
System memory in use before: 75.0 MB.
System memory in use after: 75.1 MB.

Unloading 6 unused Assets to reduce memory usage. Loaded Objects now: 1689.
Total: 1.813800 ms (FindLiveObjects: 0.154800 ms CreateObjectMapping: 0.040300 ms MarkObjects: 1.527300 ms  DeleteObjects: 0.090400 ms)

========================================================================
Received Prepare
Registering precompiled user dll's ...
Registered in 0.000915 seconds.
Begin MonoManager ReloadAssembly
Native extension for WindowsStandalone target not found
Native extension for WebGL target not found
Refreshing native plugins compatible for Editor in 0.21 ms, found 0 plugins.
Preloading 0 native plugins for Editor in 0.00 ms.
Invoked RoslynAnalysisRunner static constructor.
RoslynAnalysisRunner will not be running.
RoslynAnalysisRunner has terminated.
Mono: successfully reloaded assembly
- Completed reload, in  0.817 seconds
Platform modules already initialized, skipping
Refreshing native plugins compatible for Editor in 0.26 ms, found 0 plugins.
Preloading 0 native plugins for Editor in 0.00 ms.
Unloading 1122 Unused Serialized files (Serialized files now loaded: 0)
System memory in use before: 75.0 MB.
System memory in use after: 75.1 MB.

Unloading 5 unused Assets to reduce memory usage. Loaded Objects now: 1692.
Total: 1.721000 ms (FindLiveObjects: 0.197000 ms CreateObjectMapping: 0.035700 ms MarkObjects: 1.391900 ms  DeleteObjects: 0.095400 ms)

========================================================================
Received Import Request.
  Time since last request: 66.334726 seconds.
  path: Assets/Prefabs/Prop/Tank.prefab
  artifactKey: Guid(150c467e44aa80640beba4a1b68e8677) Importer(815301076,1909f56bfc062723c751e8b465ee728b)
Start importing Assets/Prefabs/Prop/Tank.prefab using Guid(150c467e44aa80640beba4a1b68e8677) Importer(815301076,1909f56bfc062723c751e8b465ee728b)  -> (artifact id: '4c445df32d90c6fcc71becb3328babd3') in 0.075655 seconds
  Import took 0.079122 seconds .

========================================================================
Received Prepare
Registering precompiled user dll's ...
Registered in 0.001167 seconds.
Begin MonoManager ReloadAssembly
Native extension for WindowsStandalone target not found
Native extension for WebGL target not found
Refreshing native plugins compatible for Editor in 0.25 ms, found 0 plugins.
Preloading 0 native plugins for Editor in 0.00 ms.
Invoked RoslynAnalysisRunner static constructor.
RoslynAnalysisRunner will not be running.
RoslynAnalysisRunner has terminated.
Mono: successfully reloaded assembly
- Completed reload, in  0.799 seconds
Platform modules already initialized, skipping
Refreshing native plugins compatible for Editor in 0.20 ms, found 0 plugins.
Preloading 0 native plugins for Editor in 0.00 ms.
Unloading 1122 Unused Serialized files (Serialized files now loaded: 0)
System memory in use before: 75.0 MB.
System memory in use after: 75.1 MB.

Unloading 5 unused Assets to reduce memory usage. Loaded Objects now: 1696.
Total: 2.520200 ms (FindLiveObjects: 0.265200 ms CreateObjectMapping: 0.066200 ms MarkObjects: 2.107400 ms  DeleteObjects: 0.080000 ms)

========================================================================
Received Import Request.
  Time since last request: 30.996851 seconds.
  path: Assets/Prefabs/Prop/Tank.prefab
  artifactKey: Guid(150c467e44aa80640beba4a1b68e8677) Importer(815301076,1909f56bfc062723c751e8b465ee728b)
Start importing Assets/Prefabs/Prop/Tank.prefab using Guid(150c467e44aa80640beba4a1b68e8677) Importer(815301076,1909f56bfc062723c751e8b465ee728b)  -> (artifact id: '6a7a20921f0bfe53777cd8d3382ce588') in 0.067881 seconds
  Import took 0.070833 seconds .

========================================================================
Received Import Request.
  Time since last request: 2.072310 seconds.
  path: Assets/Prefabs/Prop/Tank.prefab
  artifactKey: Guid(150c467e44aa80640beba4a1b68e8677) Importer(815301076,1909f56bfc062723c751e8b465ee728b)
Start importing Assets/Prefabs/Prop/Tank.prefab using Guid(150c467e44aa80640beba4a1b68e8677) Importer(815301076,1909f56bfc062723c751e8b465ee728b)  -> (artifact id: 'b961187e95979640104de14f8f234174') in 0.012609 seconds
  Import took 0.015241 seconds .

========================================================================
Received Import Request.
  Time since last request: 6.110517 seconds.
  path: Assets/Prefabs/Prop/Tank.prefab
  artifactKey: Guid(150c467e44aa80640beba4a1b68e8677) Importer(815301076,1909f56bfc062723c751e8b465ee728b)
Start importing Assets/Prefabs/Prop/Tank.prefab using Guid(150c467e44aa80640beba4a1b68e8677) Importer(815301076,1909f56bfc062723c751e8b465ee728b)  -> (artifact id: '003f2d53b9a9c85d94344efaa63c3a6c') in 0.014966 seconds
  Import took 0.017597 seconds .

========================================================================
Received Import Request.
  Time since last request: 6.865057 seconds.
  path: Assets/Prefabs/Prop/Tank.prefab
  artifactKey: Guid(150c467e44aa80640beba4a1b68e8677) Importer(815301076,1909f56bfc062723c751e8b465ee728b)
Start importing Assets/Prefabs/Prop/Tank.prefab using Guid(150c467e44aa80640beba4a1b68e8677) Importer(815301076,1909f56bfc062723c751e8b465ee728b)  -> (artifact id: '0408eaf3b0f3df6809efabf5596db1e3') in 0.013588 seconds
  Import took 0.016255 seconds .

========================================================================
Received Import Request.
  Time since last request: 5.848171 seconds.
  path: Assets/Prefabs/Prop/Tank.prefab
  artifactKey: Guid(150c467e44aa80640beba4a1b68e8677) Importer(815301076,1909f56bfc062723c751e8b465ee728b)
Start importing Assets/Prefabs/Prop/Tank.prefab using Guid(150c467e44aa80640beba4a1b68e8677) Importer(815301076,1909f56bfc062723c751e8b465ee728b)  -> (artifact id: '96fb6b8a6a847bfadf80c91d6e90d83b') in 0.014206 seconds
  Import took 0.017093 seconds .

========================================================================
Received Import Request.
  Time since last request: 5.646641 seconds.
  path: Assets/Prefabs/Prop/Tank.prefab
  artifactKey: Guid(150c467e44aa80640beba4a1b68e8677) Importer(815301076,1909f56bfc062723c751e8b465ee728b)
Start importing Assets/Prefabs/Prop/Tank.prefab using Guid(150c467e44aa80640beba4a1b68e8677) Importer(815301076,1909f56bfc062723c751e8b465ee728b)  -> (artifact id: '0084b7847d927b1ccc7f47d49f517cd7') in 0.017326 seconds
  Import took 0.020569 seconds .

========================================================================
Received Import Request.
  Time since last request: 15.340144 seconds.
  path: Assets/Prefabs/Prop/Tank.prefab
  artifactKey: Guid(150c467e44aa80640beba4a1b68e8677) Importer(815301076,1909f56bfc062723c751e8b465ee728b)
Start importing Assets/Prefabs/Prop/Tank.prefab using Guid(150c467e44aa80640beba4a1b68e8677) Importer(815301076,1909f56bfc062723c751e8b465ee728b)  -> (artifact id: '0a79242ad93a666d3c64575f877828bf') in 0.013143 seconds
  Import took 0.015639 seconds .

========================================================================
Received Import Request.
  Time since last request: 7.452980 seconds.
  path: Assets/Prefabs/Prop/Tank.prefab
  artifactKey: Guid(150c467e44aa80640beba4a1b68e8677) Importer(815301076,1909f56bfc062723c751e8b465ee728b)
Start importing Assets/Prefabs/Prop/Tank.prefab using Guid(150c467e44aa80640beba4a1b68e8677) Importer(815301076,1909f56bfc062723c751e8b465ee728b)  -> (artifact id: '9141c41ed9f393cd219b56c02fae4277') in 0.014168 seconds
  Import took 0.017013 seconds .

========================================================================
Received Import Request.
  Time since last request: 4.245534 seconds.
  path: Assets/Prefabs/Prop/Tank.prefab
  artifactKey: Guid(150c467e44aa80640beba4a1b68e8677) Importer(815301076,1909f56bfc062723c751e8b465ee728b)
Start importing Assets/Prefabs/Prop/Tank.prefab using Guid(150c467e44aa80640beba4a1b68e8677) Importer(815301076,1909f56bfc062723c751e8b465ee728b)  -> (artifact id: '35e6cc706382881235f54a9916d0c107') in 0.012635 seconds
  Import took 0.015223 seconds .

========================================================================
Received Import Request.
  Time since last request: 13.056569 seconds.
  path: Assets/Prefabs/Prop/Tank.prefab
  artifactKey: Guid(150c467e44aa80640beba4a1b68e8677) Importer(815301076,1909f56bfc062723c751e8b465ee728b)
Start importing Assets/Prefabs/Prop/Tank.prefab using Guid(150c467e44aa80640beba4a1b68e8677) Importer(815301076,1909f56bfc062723c751e8b465ee728b)  -> (artifact id: '75f5738976d1867c7a15cd94da0eca31') in 0.011820 seconds
  Import took 0.014765 seconds .

========================================================================
Received Import Request.
  Time since last request: 3.366633 seconds.
  path: Assets/Prefabs/Prop/Tank.prefab
  artifactKey: Guid(150c467e44aa80640beba4a1b68e8677) Importer(815301076,1909f56bfc062723c751e8b465ee728b)
Start importing Assets/Prefabs/Prop/Tank.prefab using Guid(150c467e44aa80640beba4a1b68e8677) Importer(815301076,1909f56bfc062723c751e8b465ee728b)  -> (artifact id: '8724bb1c8c0790d4e55a5b84f7bbf1e1') in 0.013254 seconds
  Import took 0.015938 seconds .

========================================================================
Received Import Request.
  Time since last request: 0.993921 seconds.
  path: Assets/Prefabs/Prop/Tank.prefab
  artifactKey: Guid(150c467e44aa80640beba4a1b68e8677) Importer(815301076,1909f56bfc062723c751e8b465ee728b)
Start importing Assets/Prefabs/Prop/Tank.prefab using Guid(150c467e44aa80640beba4a1b68e8677) Importer(815301076,1909f56bfc062723c751e8b465ee728b)  -> (artifact id: '55942d9d0d57b9f6c6eba3e12c5698ad') in 0.013809 seconds
  Import took 0.016432 seconds .

========================================================================
Received Import Request.
  Time since last request: 6.443576 seconds.
  path: Assets/Prefabs/Prop/Tank.prefab
  artifactKey: Guid(150c467e44aa80640beba4a1b68e8677) Importer(815301076,1909f56bfc062723c751e8b465ee728b)
Start importing Assets/Prefabs/Prop/Tank.prefab using Guid(150c467e44aa80640beba4a1b68e8677) Importer(815301076,1909f56bfc062723c751e8b465ee728b)  -> (artifact id: 'bd7a516316a7590a4fb916e56bd237a4') in 0.014278 seconds
  Import took 0.016998 seconds .

========================================================================
Received Import Request.
  Time since last request: 0.995808 seconds.
  path: Assets/Prefabs/Prop/Tank.prefab
  artifactKey: Guid(150c467e44aa80640beba4a1b68e8677) Importer(815301076,1909f56bfc062723c751e8b465ee728b)
Start importing Assets/Prefabs/Prop/Tank.prefab using Guid(150c467e44aa80640beba4a1b68e8677) Importer(815301076,1909f56bfc062723c751e8b465ee728b)  -> (artifact id: '8fd99a996ac4a7d1fea1b82611be9e4f') in 0.013322 seconds
  Import took 0.016055 seconds .

========================================================================
Received Import Request.
  Time since last request: 1.603593 seconds.
  path: Assets/Prefabs/Prop/Tank.prefab
  artifactKey: Guid(150c467e44aa80640beba4a1b68e8677) Importer(815301076,1909f56bfc062723c751e8b465ee728b)
Start importing Assets/Prefabs/Prop/Tank.prefab using Guid(150c467e44aa80640beba4a1b68e8677) Importer(815301076,1909f56bfc062723c751e8b465ee728b)  -> (artifact id: 'f8d151a6d5778f2ead6a5daa221a4c10') in 0.013167 seconds
  Import took 0.015788 seconds .

========================================================================
Received Import Request.
  Time since last request: 1.597718 seconds.
  path: Assets/Prefabs/Prop/Tank.prefab
  artifactKey: Guid(150c467e44aa80640beba4a1b68e8677) Importer(815301076,1909f56bfc062723c751e8b465ee728b)
Start importing Assets/Prefabs/Prop/Tank.prefab using Guid(150c467e44aa80640beba4a1b68e8677) Importer(815301076,1909f56bfc062723c751e8b465ee728b)  -> (artifact id: 'dfc882ead9fc60ab14b7b134ba3fc4cd') in 0.013022 seconds
  Import took 0.015956 seconds .

========================================================================
Received Import Request.
  Time since last request: 4.644576 seconds.
  path: Assets/Prefabs/Prop/Tank.prefab
  artifactKey: Guid(150c467e44aa80640beba4a1b68e8677) Importer(815301076,1909f56bfc062723c751e8b465ee728b)
Start importing Assets/Prefabs/Prop/Tank.prefab using Guid(150c467e44aa80640beba4a1b68e8677) Importer(815301076,1909f56bfc062723c751e8b465ee728b)  -> (artifact id: '49966c2d406ce3a0f64dcaca9216ef50') in 0.013938 seconds
  Import took 0.016563 seconds .

========================================================================
Received Import Request.
  Time since last request: 4.048972 seconds.
  path: Assets/Prefabs/Prop/Tank.prefab
  artifactKey: Guid(150c467e44aa80640beba4a1b68e8677) Importer(815301076,1909f56bfc062723c751e8b465ee728b)
Start importing Assets/Prefabs/Prop/Tank.prefab using Guid(150c467e44aa80640beba4a1b68e8677) Importer(815301076,1909f56bfc062723c751e8b465ee728b)  -> (artifact id: '47c2c4e68c2bb443f7c5e3a356607c7e') in 0.012846 seconds
  Import took 0.015433 seconds .

========================================================================
Received Import Request.
  Time since last request: 7.850442 seconds.
  path: Assets/Prefabs/Prop/Tank.prefab
  artifactKey: Guid(150c467e44aa80640beba4a1b68e8677) Importer(815301076,1909f56bfc062723c751e8b465ee728b)
Start importing Assets/Prefabs/Prop/Tank.prefab using Guid(150c467e44aa80640beba4a1b68e8677) Importer(815301076,1909f56bfc062723c751e8b465ee728b)  -> (artifact id: 'e1d629678b4ba60b72f8eabfbc9e9b19') in 0.012876 seconds
  Import took 0.015396 seconds .

========================================================================
Received Prepare
Registering precompiled user dll's ...
Registered in 0.001228 seconds.
Begin MonoManager ReloadAssembly
Native extension for WindowsStandalone target not found
Native extension for WebGL target not found
Refreshing native plugins compatible for Editor in 0.28 ms, found 0 plugins.
Preloading 0 native plugins for Editor in 0.00 ms.
Invoked RoslynAnalysisRunner static constructor.
RoslynAnalysisRunner will not be running.
RoslynAnalysisRunner has terminated.
Mono: successfully reloaded assembly
- Completed reload, in  0.873 seconds
Platform modules already initialized, skipping
Refreshing native plugins compatible for Editor in 0.20 ms, found 0 plugins.
Preloading 0 native plugins for Editor in 0.00 ms.
Unloading 1122 Unused Serialized files (Serialized files now loaded: 0)
System memory in use before: 75.0 MB.
System memory in use after: 75.1 MB.

Unloading 5 unused Assets to reduce memory usage. Loaded Objects now: 1700.
Total: 1.987100 ms (FindLiveObjects: 0.142400 ms CreateObjectMapping: 0.049100 ms MarkObjects: 1.738200 ms  DeleteObjects: 0.055300 ms)

========================================================================
Received Import Request.
  Time since last request: 61.153982 seconds.
  path: Assets/Prefabs/LevelComponent/Road.prefab
  artifactKey: Guid(19eae962033dd584da29ae53cb4ac257) Importer(815301076,1909f56bfc062723c751e8b465ee728b)
Start importing Assets/Prefabs/LevelComponent/Road.prefab using Guid(19eae962033dd584da29ae53cb4ac257) Importer(815301076,1909f56bfc062723c751e8b465ee728b)  -> (artifact id: '6b63c87e391e89808e621a03d81f9568') in 0.063052 seconds
  Import took 0.065448 seconds .

========================================================================
Received Import Request.
  Time since last request: 5.962545 seconds.
  path: Assets/Prefabs/LevelComponent/Road.prefab
  artifactKey: Guid(19eae962033dd584da29ae53cb4ac257) Importer(815301076,1909f56bfc062723c751e8b465ee728b)
Start importing Assets/Prefabs/LevelComponent/Road.prefab using Guid(19eae962033dd584da29ae53cb4ac257) Importer(815301076,1909f56bfc062723c751e8b465ee728b)  -> (artifact id: 'ad493acefed7bd88590974a41bb9d3ba') in 0.015177 seconds
  Import took 0.017953 seconds .

========================================================================
Received Import Request.
  Time since last request: 1.400476 seconds.
  path: Assets/Prefabs/LevelComponent/Road.prefab
  artifactKey: Guid(19eae962033dd584da29ae53cb4ac257) Importer(815301076,1909f56bfc062723c751e8b465ee728b)
Start importing Assets/Prefabs/LevelComponent/Road.prefab using Guid(19eae962033dd584da29ae53cb4ac257) Importer(815301076,1909f56bfc062723c751e8b465ee728b)  -> (artifact id: 'e1eddac1c76c86e209e50e89e2817928') in 0.013131 seconds
  Import took 0.015971 seconds .

========================================================================
Received Import Request.
  Time since last request: 0.170607 seconds.
  path: Assets/Prefabs/LevelComponent/Road.prefab
  artifactKey: Guid(19eae962033dd584da29ae53cb4ac257) Importer(815301076,1909f56bfc062723c751e8b465ee728b)
Start importing Assets/Prefabs/LevelComponent/Road.prefab using Guid(19eae962033dd584da29ae53cb4ac257) Importer(815301076,1909f56bfc062723c751e8b465ee728b)  -> (artifact id: 'ce57e6f82b753a3e588078d5e883a04d') in 0.014998 seconds
  Import took 0.017351 seconds .

========================================================================
Received Import Request.
  Time since last request: 3.047271 seconds.
  path: Assets/Prefabs/LevelComponent/Road.prefab
  artifactKey: Guid(19eae962033dd584da29ae53cb4ac257) Importer(815301076,1909f56bfc062723c751e8b465ee728b)
Start importing Assets/Prefabs/LevelComponent/Road.prefab using Guid(19eae962033dd584da29ae53cb4ac257) Importer(815301076,1909f56bfc062723c751e8b465ee728b)  -> (artifact id: 'b0f47b6a2ca12fe12adb70bf5fbadd5d') in 0.013047 seconds
  Import took 0.015266 seconds .

